[35m[1mScanning dependencies of target geometry_msgs_generate_messages_eus[0m
[  0%] Built target geometry_msgs_generate_messages_eus
[35m[1mScanning dependencies of target tm_msgs_generate_messages_py[0m
[  0%] Built target tm_msgs_generate_messages_py
[35m[1mScanning dependencies of target tm_msgs_generate_messages_nodejs[0m
[  0%] Built target tm_msgs_generate_messages_nodejs
[35m[1mScanning dependencies of target tm_msgs_generate_messages_lisp[0m
[  0%] Built target tm_msgs_generate_messages_lisp
[35m[1mScanning dependencies of target rosgraph_msgs_generate_messages_eus[0m
[  0%] Built target rosgraph_msgs_generate_messages_eus
[35m[1mScanning dependencies of target rosgraph_msgs_generate_messages_cpp[0m
[  0%] Built target rosgraph_msgs_generate_messages_cpp
[35m[1mScanning dependencies of target roscpp_generate_messages_nodejs[0m
[  0%] Built target roscpp_generate_messages_nodejs
[35m[1mScanning dependencies of target std_msgs_generate_messages_eus[0m
[  0%] Built target std_msgs_generate_messages_eus
[35m[1mScanning dependencies of target geometry_msgs_generate_messages_lisp[0m
[  0%] Built target geometry_msgs_generate_messages_lisp
[35m[1mScanning dependencies of target tm_msgs_generate_messages_cpp[0m
[  0%] Built target tm_msgs_generate_messages_cpp
[35m[1mScanning dependencies of target geometry_msgs_generate_messages_py[0m
[  0%] Built target geometry_msgs_generate_messages_py
[35m[1mScanning dependencies of target sensor_msgs_generate_messages_py[0m
[  0%] Built target sensor_msgs_generate_messages_py
[35m[1mScanning dependencies of target geometry_msgs_generate_messages_cpp[0m
[  0%] Built target geometry_msgs_generate_messages_cpp
[35m[1mScanning dependencies of target geometry_msgs_generate_messages_nodejs[0m
[  0%] Built target geometry_msgs_generate_messages_nodejs
[35m[1mScanning dependencies of target roscpp_generate_messages_eus[0m
[  0%] Built target roscpp_generate_messages_eus
[35m[1mScanning dependencies of target sensor_msgs_generate_messages_lisp[0m
[  0%] Built target sensor_msgs_generate_messages_lisp
[35m[1mScanning dependencies of target sensor_msgs_generate_messages_nodejs[0m
[  0%] Built target sensor_msgs_generate_messages_nodejs
[35m[1mScanning dependencies of target roscpp_generate_messages_py[0m
[  0%] Built target roscpp_generate_messages_py
[35m[1mScanning dependencies of target roscpp_generate_messages_cpp[0m
[  0%] Built target roscpp_generate_messages_cpp
[35m[1mScanning dependencies of target sensor_msgs_generate_messages_eus[0m
[  0%] Built target sensor_msgs_generate_messages_eus
[35m[1mScanning dependencies of target rosgraph_msgs_generate_messages_py[0m
[  0%] Built target rosgraph_msgs_generate_messages_py
[35m[1mScanning dependencies of target rosgraph_msgs_generate_messages_lisp[0m
[  0%] Built target rosgraph_msgs_generate_messages_lisp
[35m[1mScanning dependencies of target tm_msgs_generate_messages_eus[0m
[  0%] Built target tm_msgs_generate_messages_eus
[35m[1mScanning dependencies of target std_msgs_generate_messages_lisp[0m
[  0%] Built target std_msgs_generate_messages_lisp
[35m[1mScanning dependencies of target roscpp_generate_messages_lisp[0m
[  0%] Built target roscpp_generate_messages_lisp
[35m[1mScanning dependencies of target rosgraph_msgs_generate_messages_nodejs[0m
[  0%] Built target rosgraph_msgs_generate_messages_nodejs
[35m[1mScanning dependencies of target std_msgs_generate_messages_cpp[0m
[  0%] Built target std_msgs_generate_messages_cpp
[35m[1mScanning dependencies of target std_msgs_generate_messages_py[0m
[  0%] Built target std_msgs_generate_messages_py
[35m[1mScanning dependencies of target sensor_msgs_generate_messages_cpp[0m
[  0%] Built target sensor_msgs_generate_messages_cpp
[35m[1mScanning dependencies of target std_msgs_generate_messages_nodejs[0m
[  0%] Built target std_msgs_generate_messages_nodejs
[35m[1mScanning dependencies of target demo_leave_listen_node[0m
[  3%] [32mBuilding CXX object CMakeFiles/demo_leave_listen_node.dir/src/demo_leave_listen_node.cpp.o[0m
[  7%] [32m[1mLinking CXX executable /home/robotica/ws_moveit/devel/.private/demo/lib/demo/demo_leave_listen_node[0m
[  7%] Built target demo_leave_listen_node
[35m[1mScanning dependencies of target demo_get_sta_response[0m
[ 11%] [32mBuilding CXX object CMakeFiles/demo_get_sta_response.dir/get_status_demo_src/demo_get_sta_response.cpp.o[0m
[ 15%] [32m[1mLinking CXX executable /home/robotica/ws_moveit/devel/.private/demo/lib/demo/demo_get_sta_response[0m
[ 15%] Built target demo_get_sta_response
[35m[1mScanning dependencies of target demo_ask_item[0m
[ 19%] [32mBuilding CXX object CMakeFiles/demo_ask_item.dir/src/demo_ask_item.cpp.o[0m
[ 23%] [32m[1mLinking CXX executable /home/robotica/ws_moveit/devel/.private/demo/lib/demo/demo_ask_item[0m
[ 23%] Built target demo_ask_item
[35m[1mScanning dependencies of target demo_get_feedback[0m
[ 26%] [32mBuilding CXX object CMakeFiles/demo_get_feedback.dir/get_status_demo_src/demo_get_feedback.cpp.o[0m
[ 30%] [32m[1mLinking CXX executable /home/robotica/ws_moveit/devel/.private/demo/lib/demo/demo_get_feedback[0m
[ 30%] Built target demo_get_feedback
[35m[1mScanning dependencies of target demo_write_item[0m
[ 34%] [32mBuilding CXX object CMakeFiles/demo_write_item.dir/src/demo_write_item.cpp.o[0m
[ 38%] [32m[1mLinking CXX executable /home/robotica/ws_moveit/devel/.private/demo/lib/demo/demo_write_item[0m
[ 38%] Built target demo_write_item
[35m[1mScanning dependencies of target demo_set_io[0m
[ 42%] [32mBuilding CXX object CMakeFiles/demo_set_io.dir/src/demo_set_io.cpp.o[0m
[ 46%] [32m[1mLinking CXX executable /home/robotica/ws_moveit/devel/.private/demo/lib/demo/demo_set_io[0m
[ 46%] Built target demo_set_io
[35m[1mScanning dependencies of target demo_set_positions[0m
[ 50%] [32mBuilding CXX object CMakeFiles/demo_set_positions.dir/src/demo_set_positions.cpp.o[0m
[ 53%] [32m[1mLinking CXX executable /home/robotica/ws_moveit/devel/.private/demo/lib/demo/demo_set_positions[0m
[ 53%] Built target demo_set_positions
[35m[1mScanning dependencies of target demo_set_event[0m
[ 57%] [32mBuilding CXX object CMakeFiles/demo_set_event.dir/src/demo_set_event.cpp.o[0m
[ 61%] [32m[1mLinking CXX executable /home/robotica/ws_moveit/devel/.private/demo/lib/demo/demo_set_event[0m
[ 61%] Built target demo_set_event
[35m[1mScanning dependencies of target demo_get_sct_response[0m
[ 65%] [32mBuilding CXX object CMakeFiles/demo_get_sct_response.dir/get_status_demo_src/demo_get_sct_response.cpp.o[0m
[35m[1mScanning dependencies of target demo_connect_tm[0m
[ 69%] [32mBuilding CXX object CMakeFiles/demo_connect_tm.dir/src/demo_connect_tm.cpp.o[0m
[ 73%] [32m[1mLinking CXX executable /home/robotica/ws_moveit/devel/.private/demo/lib/demo/demo_connect_tm[0m
[ 76%] [32m[1mLinking CXX executable /home/robotica/ws_moveit/devel/.private/demo/lib/demo/demo_get_sct_response[0m
[ 76%] Built target demo_connect_tm
[35m[1mScanning dependencies of target demo_send_script[0m
[ 76%] Built target demo_get_sct_response
[ 80%] [32mBuilding CXX object CMakeFiles/demo_send_script.dir/src/demo_send_script.cpp.o[0m
[35m[1mScanning dependencies of target demo_get_svr_response[0m
[ 84%] [32mBuilding CXX object CMakeFiles/demo_get_svr_response.dir/get_status_demo_src/demo_get_svr_response.cpp.o[0m
[ 88%] [32m[1mLinking CXX executable /home/robotica/ws_moveit/devel/.private/demo/lib/demo/demo_send_script[0m
[ 88%] Built target demo_send_script
[35m[1mScanning dependencies of target demo_ask_sta[0m
[ 92%] [32mBuilding CXX object CMakeFiles/demo_ask_sta.dir/src/demo_ask_sta.cpp.o[0m
[ 96%] [32m[1mLinking CXX executable /home/robotica/ws_moveit/devel/.private/demo/lib/demo/demo_get_svr_response[0m
[ 96%] Built target demo_get_svr_response
[100%] [32m[1mLinking CXX executable /home/robotica/ws_moveit/devel/.private/demo/lib/demo/demo_ask_sta[0m
[100%] Built target demo_ask_sta
