Symlinking /home/robotica/ws_moveit/devel/include/gripper_action/gripperMoveActionResult.h
Symlinking /home/robotica/ws_moveit/devel/include/gripper_action/gripperMoveActionFeedback.h
Symlinking /home/robotica/ws_moveit/devel/include/gripper_action/gripperMoveFeedback.h
Symlinking /home/robotica/ws_moveit/devel/include/gripper_action/gripperMoveActionGoal.h
Symlinking /home/robotica/ws_moveit/devel/include/gripper_action/gripperMoveResult.h
Symlinking /home/robotica/ws_moveit/devel/include/gripper_action/gripperGoal.h
Symlinking /home/robotica/ws_moveit/devel/include/gripper_action/gripperMoveGoal.h
Symlinking /home/robotica/ws_moveit/devel/include/gripper_action/gripperMoveAction.h
Symlinking /home/robotica/ws_moveit/devel/lib/pkgconfig/gripper_action.pc
Symlinking /home/robotica/ws_moveit/devel/lib/gripper_action/gripper_client
Symlinking /home/robotica/ws_moveit/devel/lib/gripper_action/gripper_server
Symlinking /home/robotica/ws_moveit/devel/lib/python3/dist-packages/gripper_action/__init__.py
Symlinking /home/robotica/ws_moveit/devel/lib/python3/dist-packages/gripper_action/msg/_gripperMoveFeedback.py
Symlinking /home/robotica/ws_moveit/devel/lib/python3/dist-packages/gripper_action/msg/_gripperMoveActionGoal.py
Symlinking /home/robotica/ws_moveit/devel/lib/python3/dist-packages/gripper_action/msg/_gripperMoveGoal.py
Symlinking /home/robotica/ws_moveit/devel/lib/python3/dist-packages/gripper_action/msg/_gripperMoveResult.py
Symlinking /home/robotica/ws_moveit/devel/lib/python3/dist-packages/gripper_action/msg/_gripperMoveActionResult.py
Symlinking /home/robotica/ws_moveit/devel/lib/python3/dist-packages/gripper_action/msg/_gripperGoal.py
Symlinking /home/robotica/ws_moveit/devel/lib/python3/dist-packages/gripper_action/msg/_gripperMoveAction.py
Symlinking /home/robotica/ws_moveit/devel/lib/python3/dist-packages/gripper_action/msg/__init__.py
Symlinking /home/robotica/ws_moveit/devel/lib/python3/dist-packages/gripper_action/msg/_gripperMoveActionFeedback.py
Symlinking /home/robotica/ws_moveit/devel/share/gennodejs/ros/gripper_action/_index.js
Symlinking /home/robotica/ws_moveit/devel/share/gennodejs/ros/gripper_action/msg/gripperMoveActionGoal.js
Symlinking /home/robotica/ws_moveit/devel/share/gennodejs/ros/gripper_action/msg/gripperMoveResult.js
Symlinking /home/robotica/ws_moveit/devel/share/gennodejs/ros/gripper_action/msg/gripperMoveAction.js
Symlinking /home/robotica/ws_moveit/devel/share/gennodejs/ros/gripper_action/msg/gripperGoal.js
Symlinking /home/robotica/ws_moveit/devel/share/gennodejs/ros/gripper_action/msg/gripperMoveActionFeedback.js
Symlinking /home/robotica/ws_moveit/devel/share/gennodejs/ros/gripper_action/msg/gripperMoveActionResult.js
Symlinking /home/robotica/ws_moveit/devel/share/gennodejs/ros/gripper_action/msg/_index.js
Symlinking /home/robotica/ws_moveit/devel/share/gennodejs/ros/gripper_action/msg/gripperMoveFeedback.js
Symlinking /home/robotica/ws_moveit/devel/share/gennodejs/ros/gripper_action/msg/gripperMoveGoal.js
Symlinking /home/robotica/ws_moveit/devel/share/common-lisp/ros/gripper_action/msg/_package_gripperMoveActionFeedback.lisp
Symlinking /home/robotica/ws_moveit/devel/share/common-lisp/ros/gripper_action/msg/gripper_action-msg.asd
Symlinking /home/robotica/ws_moveit/devel/share/common-lisp/ros/gripper_action/msg/_package_gripperMoveActionGoal.lisp
Symlinking /home/robotica/ws_moveit/devel/share/common-lisp/ros/gripper_action/msg/_package_gripperMoveAction.lisp
Symlinking /home/robotica/ws_moveit/devel/share/common-lisp/ros/gripper_action/msg/gripperMoveAction.lisp
Symlinking /home/robotica/ws_moveit/devel/share/common-lisp/ros/gripper_action/msg/gripperGoal.lisp
Symlinking /home/robotica/ws_moveit/devel/share/common-lisp/ros/gripper_action/msg/_package_gripperMoveGoal.lisp
Symlinking /home/robotica/ws_moveit/devel/share/common-lisp/ros/gripper_action/msg/_package_gripperMoveFeedback.lisp
Symlinking /home/robotica/ws_moveit/devel/share/common-lisp/ros/gripper_action/msg/gripperMoveGoal.lisp
Symlinking /home/robotica/ws_moveit/devel/share/common-lisp/ros/gripper_action/msg/gripperMoveActionGoal.lisp
Symlinking /home/robotica/ws_moveit/devel/share/common-lisp/ros/gripper_action/msg/_package_gripperMoveActionResult.lisp
Symlinking /home/robotica/ws_moveit/devel/share/common-lisp/ros/gripper_action/msg/gripperMoveActionFeedback.lisp
Symlinking /home/robotica/ws_moveit/devel/share/common-lisp/ros/gripper_action/msg/_package.lisp
Symlinking /home/robotica/ws_moveit/devel/share/common-lisp/ros/gripper_action/msg/_package_gripperMoveResult.lisp
Symlinking /home/robotica/ws_moveit/devel/share/common-lisp/ros/gripper_action/msg/gripperMoveResult.lisp
Symlinking /home/robotica/ws_moveit/devel/share/common-lisp/ros/gripper_action/msg/gripperMoveActionResult.lisp
Symlinking /home/robotica/ws_moveit/devel/share/common-lisp/ros/gripper_action/msg/gripperMoveFeedback.lisp
Symlinking /home/robotica/ws_moveit/devel/share/common-lisp/ros/gripper_action/msg/_package_gripperGoal.lisp
Symlinking /home/robotica/ws_moveit/devel/share/gripper_action/msg/gripperMoveAction.msg
Symlinking /home/robotica/ws_moveit/devel/share/gripper_action/msg/gripperMoveResult.msg
Symlinking /home/robotica/ws_moveit/devel/share/gripper_action/msg/gripperMoveActionFeedback.msg
Symlinking /home/robotica/ws_moveit/devel/share/gripper_action/msg/gripperMoveActionResult.msg
Symlinking /home/robotica/ws_moveit/devel/share/gripper_action/msg/gripperMoveFeedback.msg
Symlinking /home/robotica/ws_moveit/devel/share/gripper_action/msg/gripperMoveGoal.msg
Symlinking /home/robotica/ws_moveit/devel/share/gripper_action/msg/gripperMoveActionGoal.msg
Symlinking /home/robotica/ws_moveit/devel/share/gripper_action/cmake/gripper_actionConfig.cmake
Symlinking /home/robotica/ws_moveit/devel/share/gripper_action/cmake/gripper_action-msg-extras.cmake
Symlinking /home/robotica/ws_moveit/devel/share/gripper_action/cmake/gripper_actionConfig-version.cmake
Symlinking /home/robotica/ws_moveit/devel/share/gripper_action/cmake/gripper_action-msg-paths.cmake
Symlinking /home/robotica/ws_moveit/devel/share/roseus/ros/gripper_action/manifest.l
Symlinking /home/robotica/ws_moveit/devel/share/roseus/ros/gripper_action/msg/gripperMoveResult.l
Symlinking /home/robotica/ws_moveit/devel/share/roseus/ros/gripper_action/msg/gripperGoal.l
Symlinking /home/robotica/ws_moveit/devel/share/roseus/ros/gripper_action/msg/gripperMoveActionResult.l
Symlinking /home/robotica/ws_moveit/devel/share/roseus/ros/gripper_action/msg/gripperMoveActionGoal.l
Symlinking /home/robotica/ws_moveit/devel/share/roseus/ros/gripper_action/msg/gripperMoveAction.l
Symlinking /home/robotica/ws_moveit/devel/share/roseus/ros/gripper_action/msg/gripperMoveActionFeedback.l
Symlinking /home/robotica/ws_moveit/devel/share/roseus/ros/gripper_action/msg/gripperMoveGoal.l
Symlinking /home/robotica/ws_moveit/devel/share/roseus/ros/gripper_action/msg/gripperMoveFeedback.l
