Linked: (/home/robotica/ws_moveit/devel/.private/gripper_action/include/gripper_action/gripperMoveActionResult.h, /home/robotica/ws_moveit/devel/include/gripper_action/gripperMoveActionResult.h)
Linked: (/home/robotica/ws_moveit/devel/.private/gripper_action/include/gripper_action/gripperMoveActionFeedback.h, /home/robotica/ws_moveit/devel/include/gripper_action/gripperMoveActionFeedback.h)
Linked: (/home/robotica/ws_moveit/devel/.private/gripper_action/include/gripper_action/gripperMoveFeedback.h, /home/robotica/ws_moveit/devel/include/gripper_action/gripperMoveFeedback.h)
Linked: (/home/robotica/ws_moveit/devel/.private/gripper_action/include/gripper_action/gripperMoveActionGoal.h, /home/robotica/ws_moveit/devel/include/gripper_action/gripperMoveActionGoal.h)
Linked: (/home/robotica/ws_moveit/devel/.private/gripper_action/include/gripper_action/gripperMoveResult.h, /home/robotica/ws_moveit/devel/include/gripper_action/gripperMoveResult.h)
Linked: (/home/robotica/ws_moveit/devel/.private/gripper_action/include/gripper_action/gripperGoal.h, /home/robotica/ws_moveit/devel/include/gripper_action/gripperGoal.h)
Linked: (/home/robotica/ws_moveit/devel/.private/gripper_action/include/gripper_action/gripperMoveGoal.h, /home/robotica/ws_moveit/devel/include/gripper_action/gripperMoveGoal.h)
Linked: (/home/robotica/ws_moveit/devel/.private/gripper_action/include/gripper_action/gripperMoveAction.h, /home/robotica/ws_moveit/devel/include/gripper_action/gripperMoveAction.h)
Linked: (/home/robotica/ws_moveit/devel/.private/gripper_action/lib/pkgconfig/gripper_action.pc, /home/robotica/ws_moveit/devel/lib/pkgconfig/gripper_action.pc)
Linked: (/home/robotica/ws_moveit/devel/.private/gripper_action/lib/gripper_action/gripper_client, /home/robotica/ws_moveit/devel/lib/gripper_action/gripper_client)
Linked: (/home/robotica/ws_moveit/devel/.private/gripper_action/lib/gripper_action/gripper_server, /home/robotica/ws_moveit/devel/lib/gripper_action/gripper_server)
Linked: (/home/robotica/ws_moveit/devel/.private/gripper_action/lib/python3/dist-packages/gripper_action/__init__.py, /home/robotica/ws_moveit/devel/lib/python3/dist-packages/gripper_action/__init__.py)
Linked: (/home/robotica/ws_moveit/devel/.private/gripper_action/lib/python3/dist-packages/gripper_action/msg/_gripperMoveFeedback.py, /home/robotica/ws_moveit/devel/lib/python3/dist-packages/gripper_action/msg/_gripperMoveFeedback.py)
Linked: (/home/robotica/ws_moveit/devel/.private/gripper_action/lib/python3/dist-packages/gripper_action/msg/_gripperMoveActionGoal.py, /home/robotica/ws_moveit/devel/lib/python3/dist-packages/gripper_action/msg/_gripperMoveActionGoal.py)
Linked: (/home/robotica/ws_moveit/devel/.private/gripper_action/lib/python3/dist-packages/gripper_action/msg/_gripperMoveGoal.py, /home/robotica/ws_moveit/devel/lib/python3/dist-packages/gripper_action/msg/_gripperMoveGoal.py)
Linked: (/home/robotica/ws_moveit/devel/.private/gripper_action/lib/python3/dist-packages/gripper_action/msg/_gripperMoveResult.py, /home/robotica/ws_moveit/devel/lib/python3/dist-packages/gripper_action/msg/_gripperMoveResult.py)
Linked: (/home/robotica/ws_moveit/devel/.private/gripper_action/lib/python3/dist-packages/gripper_action/msg/_gripperMoveActionResult.py, /home/robotica/ws_moveit/devel/lib/python3/dist-packages/gripper_action/msg/_gripperMoveActionResult.py)
Linked: (/home/robotica/ws_moveit/devel/.private/gripper_action/lib/python3/dist-packages/gripper_action/msg/_gripperGoal.py, /home/robotica/ws_moveit/devel/lib/python3/dist-packages/gripper_action/msg/_gripperGoal.py)
Linked: (/home/robotica/ws_moveit/devel/.private/gripper_action/lib/python3/dist-packages/gripper_action/msg/_gripperMoveAction.py, /home/robotica/ws_moveit/devel/lib/python3/dist-packages/gripper_action/msg/_gripperMoveAction.py)
Linked: (/home/robotica/ws_moveit/devel/.private/gripper_action/lib/python3/dist-packages/gripper_action/msg/__init__.py, /home/robotica/ws_moveit/devel/lib/python3/dist-packages/gripper_action/msg/__init__.py)
Linked: (/home/robotica/ws_moveit/devel/.private/gripper_action/lib/python3/dist-packages/gripper_action/msg/_gripperMoveActionFeedback.py, /home/robotica/ws_moveit/devel/lib/python3/dist-packages/gripper_action/msg/_gripperMoveActionFeedback.py)
Linked: (/home/robotica/ws_moveit/devel/.private/gripper_action/share/gennodejs/ros/gripper_action/_index.js, /home/robotica/ws_moveit/devel/share/gennodejs/ros/gripper_action/_index.js)
Linked: (/home/robotica/ws_moveit/devel/.private/gripper_action/share/gennodejs/ros/gripper_action/msg/gripperMoveActionGoal.js, /home/robotica/ws_moveit/devel/share/gennodejs/ros/gripper_action/msg/gripperMoveActionGoal.js)
Linked: (/home/robotica/ws_moveit/devel/.private/gripper_action/share/gennodejs/ros/gripper_action/msg/gripperMoveResult.js, /home/robotica/ws_moveit/devel/share/gennodejs/ros/gripper_action/msg/gripperMoveResult.js)
Linked: (/home/robotica/ws_moveit/devel/.private/gripper_action/share/gennodejs/ros/gripper_action/msg/gripperMoveAction.js, /home/robotica/ws_moveit/devel/share/gennodejs/ros/gripper_action/msg/gripperMoveAction.js)
Linked: (/home/robotica/ws_moveit/devel/.private/gripper_action/share/gennodejs/ros/gripper_action/msg/gripperGoal.js, /home/robotica/ws_moveit/devel/share/gennodejs/ros/gripper_action/msg/gripperGoal.js)
Linked: (/home/robotica/ws_moveit/devel/.private/gripper_action/share/gennodejs/ros/gripper_action/msg/gripperMoveActionFeedback.js, /home/robotica/ws_moveit/devel/share/gennodejs/ros/gripper_action/msg/gripperMoveActionFeedback.js)
Linked: (/home/robotica/ws_moveit/devel/.private/gripper_action/share/gennodejs/ros/gripper_action/msg/gripperMoveActionResult.js, /home/robotica/ws_moveit/devel/share/gennodejs/ros/gripper_action/msg/gripperMoveActionResult.js)
Linked: (/home/robotica/ws_moveit/devel/.private/gripper_action/share/gennodejs/ros/gripper_action/msg/_index.js, /home/robotica/ws_moveit/devel/share/gennodejs/ros/gripper_action/msg/_index.js)
Linked: (/home/robotica/ws_moveit/devel/.private/gripper_action/share/gennodejs/ros/gripper_action/msg/gripperMoveFeedback.js, /home/robotica/ws_moveit/devel/share/gennodejs/ros/gripper_action/msg/gripperMoveFeedback.js)
Linked: (/home/robotica/ws_moveit/devel/.private/gripper_action/share/gennodejs/ros/gripper_action/msg/gripperMoveGoal.js, /home/robotica/ws_moveit/devel/share/gennodejs/ros/gripper_action/msg/gripperMoveGoal.js)
Linked: (/home/robotica/ws_moveit/devel/.private/gripper_action/share/common-lisp/ros/gripper_action/msg/_package_gripperMoveActionFeedback.lisp, /home/robotica/ws_moveit/devel/share/common-lisp/ros/gripper_action/msg/_package_gripperMoveActionFeedback.lisp)
Linked: (/home/robotica/ws_moveit/devel/.private/gripper_action/share/common-lisp/ros/gripper_action/msg/gripper_action-msg.asd, /home/robotica/ws_moveit/devel/share/common-lisp/ros/gripper_action/msg/gripper_action-msg.asd)
Linked: (/home/robotica/ws_moveit/devel/.private/gripper_action/share/common-lisp/ros/gripper_action/msg/_package_gripperMoveActionGoal.lisp, /home/robotica/ws_moveit/devel/share/common-lisp/ros/gripper_action/msg/_package_gripperMoveActionGoal.lisp)
Linked: (/home/robotica/ws_moveit/devel/.private/gripper_action/share/common-lisp/ros/gripper_action/msg/_package_gripperMoveAction.lisp, /home/robotica/ws_moveit/devel/share/common-lisp/ros/gripper_action/msg/_package_gripperMoveAction.lisp)
Linked: (/home/robotica/ws_moveit/devel/.private/gripper_action/share/common-lisp/ros/gripper_action/msg/gripperMoveAction.lisp, /home/robotica/ws_moveit/devel/share/common-lisp/ros/gripper_action/msg/gripperMoveAction.lisp)
Linked: (/home/robotica/ws_moveit/devel/.private/gripper_action/share/common-lisp/ros/gripper_action/msg/gripperGoal.lisp, /home/robotica/ws_moveit/devel/share/common-lisp/ros/gripper_action/msg/gripperGoal.lisp)
Linked: (/home/robotica/ws_moveit/devel/.private/gripper_action/share/common-lisp/ros/gripper_action/msg/_package_gripperMoveGoal.lisp, /home/robotica/ws_moveit/devel/share/common-lisp/ros/gripper_action/msg/_package_gripperMoveGoal.lisp)
Linked: (/home/robotica/ws_moveit/devel/.private/gripper_action/share/common-lisp/ros/gripper_action/msg/_package_gripperMoveFeedback.lisp, /home/robotica/ws_moveit/devel/share/common-lisp/ros/gripper_action/msg/_package_gripperMoveFeedback.lisp)
Linked: (/home/robotica/ws_moveit/devel/.private/gripper_action/share/common-lisp/ros/gripper_action/msg/gripperMoveGoal.lisp, /home/robotica/ws_moveit/devel/share/common-lisp/ros/gripper_action/msg/gripperMoveGoal.lisp)
Linked: (/home/robotica/ws_moveit/devel/.private/gripper_action/share/common-lisp/ros/gripper_action/msg/gripperMoveActionGoal.lisp, /home/robotica/ws_moveit/devel/share/common-lisp/ros/gripper_action/msg/gripperMoveActionGoal.lisp)
Linked: (/home/robotica/ws_moveit/devel/.private/gripper_action/share/common-lisp/ros/gripper_action/msg/_package_gripperMoveActionResult.lisp, /home/robotica/ws_moveit/devel/share/common-lisp/ros/gripper_action/msg/_package_gripperMoveActionResult.lisp)
Linked: (/home/robotica/ws_moveit/devel/.private/gripper_action/share/common-lisp/ros/gripper_action/msg/gripperMoveActionFeedback.lisp, /home/robotica/ws_moveit/devel/share/common-lisp/ros/gripper_action/msg/gripperMoveActionFeedback.lisp)
Linked: (/home/robotica/ws_moveit/devel/.private/gripper_action/share/common-lisp/ros/gripper_action/msg/_package.lisp, /home/robotica/ws_moveit/devel/share/common-lisp/ros/gripper_action/msg/_package.lisp)
Linked: (/home/robotica/ws_moveit/devel/.private/gripper_action/share/common-lisp/ros/gripper_action/msg/_package_gripperMoveResult.lisp, /home/robotica/ws_moveit/devel/share/common-lisp/ros/gripper_action/msg/_package_gripperMoveResult.lisp)
Linked: (/home/robotica/ws_moveit/devel/.private/gripper_action/share/common-lisp/ros/gripper_action/msg/gripperMoveResult.lisp, /home/robotica/ws_moveit/devel/share/common-lisp/ros/gripper_action/msg/gripperMoveResult.lisp)
Linked: (/home/robotica/ws_moveit/devel/.private/gripper_action/share/common-lisp/ros/gripper_action/msg/gripperMoveActionResult.lisp, /home/robotica/ws_moveit/devel/share/common-lisp/ros/gripper_action/msg/gripperMoveActionResult.lisp)
Linked: (/home/robotica/ws_moveit/devel/.private/gripper_action/share/common-lisp/ros/gripper_action/msg/gripperMoveFeedback.lisp, /home/robotica/ws_moveit/devel/share/common-lisp/ros/gripper_action/msg/gripperMoveFeedback.lisp)
Linked: (/home/robotica/ws_moveit/devel/.private/gripper_action/share/common-lisp/ros/gripper_action/msg/_package_gripperGoal.lisp, /home/robotica/ws_moveit/devel/share/common-lisp/ros/gripper_action/msg/_package_gripperGoal.lisp)
Linked: (/home/robotica/ws_moveit/devel/.private/gripper_action/share/gripper_action/msg/gripperMoveAction.msg, /home/robotica/ws_moveit/devel/share/gripper_action/msg/gripperMoveAction.msg)
Linked: (/home/robotica/ws_moveit/devel/.private/gripper_action/share/gripper_action/msg/gripperMoveResult.msg, /home/robotica/ws_moveit/devel/share/gripper_action/msg/gripperMoveResult.msg)
Linked: (/home/robotica/ws_moveit/devel/.private/gripper_action/share/gripper_action/msg/gripperMoveActionFeedback.msg, /home/robotica/ws_moveit/devel/share/gripper_action/msg/gripperMoveActionFeedback.msg)
Linked: (/home/robotica/ws_moveit/devel/.private/gripper_action/share/gripper_action/msg/gripperMoveActionResult.msg, /home/robotica/ws_moveit/devel/share/gripper_action/msg/gripperMoveActionResult.msg)
Linked: (/home/robotica/ws_moveit/devel/.private/gripper_action/share/gripper_action/msg/gripperMoveFeedback.msg, /home/robotica/ws_moveit/devel/share/gripper_action/msg/gripperMoveFeedback.msg)
Linked: (/home/robotica/ws_moveit/devel/.private/gripper_action/share/gripper_action/msg/gripperMoveGoal.msg, /home/robotica/ws_moveit/devel/share/gripper_action/msg/gripperMoveGoal.msg)
Linked: (/home/robotica/ws_moveit/devel/.private/gripper_action/share/gripper_action/msg/gripperMoveActionGoal.msg, /home/robotica/ws_moveit/devel/share/gripper_action/msg/gripperMoveActionGoal.msg)
Linked: (/home/robotica/ws_moveit/devel/.private/gripper_action/share/gripper_action/cmake/gripper_actionConfig.cmake, /home/robotica/ws_moveit/devel/share/gripper_action/cmake/gripper_actionConfig.cmake)
Linked: (/home/robotica/ws_moveit/devel/.private/gripper_action/share/gripper_action/cmake/gripper_action-msg-extras.cmake, /home/robotica/ws_moveit/devel/share/gripper_action/cmake/gripper_action-msg-extras.cmake)
Linked: (/home/robotica/ws_moveit/devel/.private/gripper_action/share/gripper_action/cmake/gripper_actionConfig-version.cmake, /home/robotica/ws_moveit/devel/share/gripper_action/cmake/gripper_actionConfig-version.cmake)
Linked: (/home/robotica/ws_moveit/devel/.private/gripper_action/share/gripper_action/cmake/gripper_action-msg-paths.cmake, /home/robotica/ws_moveit/devel/share/gripper_action/cmake/gripper_action-msg-paths.cmake)
Linked: (/home/robotica/ws_moveit/devel/.private/gripper_action/share/roseus/ros/gripper_action/manifest.l, /home/robotica/ws_moveit/devel/share/roseus/ros/gripper_action/manifest.l)
Linked: (/home/robotica/ws_moveit/devel/.private/gripper_action/share/roseus/ros/gripper_action/msg/gripperMoveResult.l, /home/robotica/ws_moveit/devel/share/roseus/ros/gripper_action/msg/gripperMoveResult.l)
Linked: (/home/robotica/ws_moveit/devel/.private/gripper_action/share/roseus/ros/gripper_action/msg/gripperGoal.l, /home/robotica/ws_moveit/devel/share/roseus/ros/gripper_action/msg/gripperGoal.l)
Linked: (/home/robotica/ws_moveit/devel/.private/gripper_action/share/roseus/ros/gripper_action/msg/gripperMoveActionResult.l, /home/robotica/ws_moveit/devel/share/roseus/ros/gripper_action/msg/gripperMoveActionResult.l)
Linked: (/home/robotica/ws_moveit/devel/.private/gripper_action/share/roseus/ros/gripper_action/msg/gripperMoveActionGoal.l, /home/robotica/ws_moveit/devel/share/roseus/ros/gripper_action/msg/gripperMoveActionGoal.l)
Linked: (/home/robotica/ws_moveit/devel/.private/gripper_action/share/roseus/ros/gripper_action/msg/gripperMoveAction.l, /home/robotica/ws_moveit/devel/share/roseus/ros/gripper_action/msg/gripperMoveAction.l)
Linked: (/home/robotica/ws_moveit/devel/.private/gripper_action/share/roseus/ros/gripper_action/msg/gripperMoveActionFeedback.l, /home/robotica/ws_moveit/devel/share/roseus/ros/gripper_action/msg/gripperMoveActionFeedback.l)
Linked: (/home/robotica/ws_moveit/devel/.private/gripper_action/share/roseus/ros/gripper_action/msg/gripperMoveGoal.l, /home/robotica/ws_moveit/devel/share/roseus/ros/gripper_action/msg/gripperMoveGoal.l)
Linked: (/home/robotica/ws_moveit/devel/.private/gripper_action/share/roseus/ros/gripper_action/msg/gripperMoveFeedback.l, /home/robotica/ws_moveit/devel/share/roseus/ros/gripper_action/msg/gripperMoveFeedback.l)
