Performing C SOURCE FILE Test CMAKE_HAVE_LIBC_PTHREAD failed with the following output:
Change Dir: /home/robotica/ws_moveit/build/ur12e_moveit_config/CMakeFiles/CMakeTmp

Run Build Command(s):/usr/bin/make cmTC_47557/fast && /usr/bin/make -f CMakeFiles/cmTC_47557.dir/build.make CMakeFiles/cmTC_47557.dir/build
make[1]: se entra en el directorio '/home/robotica/ws_moveit/build/ur12e_moveit_config/CMakeFiles/CMakeTmp'
Building C object CMakeFiles/cmTC_47557.dir/src.c.o
/usr/bin/cc   -DCMAKE_HAVE_LIBC_PTHREAD   -o CMakeFiles/cmTC_47557.dir/src.c.o   -c /home/robotica/ws_moveit/build/ur12e_moveit_config/CMakeFiles/CMakeTmp/src.c
Linking C executable cmTC_47557
/usr/bin/cmake -E cmake_link_script CMakeFiles/cmTC_47557.dir/link.txt --verbose=1
/usr/bin/cc  -DCMAKE_HAVE_LIBC_PTHREAD    -rdynamic CMakeFiles/cmTC_47557.dir/src.c.o  -o cmTC_47557 
/usr/bin/ld: CMakeFiles/cmTC_47557.dir/src.c.o: en la función `main':
src.c:(.text+0x46): referencia a `pthread_create' sin definir
/usr/bin/ld: src.c:(.text+0x52): referencia a `pthread_detach' sin definir
/usr/bin/ld: src.c:(.text+0x63): referencia a `pthread_join' sin definir
collect2: error: ld returned 1 exit status
make[1]: *** [CMakeFiles/cmTC_47557.dir/build.make:87: cmTC_47557] Error 1
make[1]: se sale del directorio '/home/robotica/ws_moveit/build/ur12e_moveit_config/CMakeFiles/CMakeTmp'
make: *** [Makefile:121: cmTC_47557/fast] Error 2


Source file was:
#include <pthread.h>

void* test_func(void* data)
{
  return data;
}

int main(void)
{
  pthread_t thread;
  pthread_create(&thread, NULL, test_func, NULL);
  pthread_detach(thread);
  pthread_join(thread, NULL);
  pthread_atfork(NULL, NULL, NULL);
  pthread_exit(NULL);

  return 0;
}

Determining if the function pthread_create exists in the pthreads failed with the following output:
Change Dir: /home/robotica/ws_moveit/build/ur12e_moveit_config/CMakeFiles/CMakeTmp

Run Build Command(s):/usr/bin/make cmTC_46648/fast && /usr/bin/make -f CMakeFiles/cmTC_46648.dir/build.make CMakeFiles/cmTC_46648.dir/build
make[1]: se entra en el directorio '/home/robotica/ws_moveit/build/ur12e_moveit_config/CMakeFiles/CMakeTmp'
Building C object CMakeFiles/cmTC_46648.dir/CheckFunctionExists.c.o
/usr/bin/cc   -DCHECK_FUNCTION_EXISTS=pthread_create   -o CMakeFiles/cmTC_46648.dir/CheckFunctionExists.c.o   -c /usr/share/cmake-3.16/Modules/CheckFunctionExists.c
Linking C executable cmTC_46648
/usr/bin/cmake -E cmake_link_script CMakeFiles/cmTC_46648.dir/link.txt --verbose=1
/usr/bin/cc  -DCHECK_FUNCTION_EXISTS=pthread_create    -rdynamic CMakeFiles/cmTC_46648.dir/CheckFunctionExists.c.o  -o cmTC_46648  -lpthreads 
/usr/bin/ld: no se puede encontrar -lpthreads
collect2: error: ld returned 1 exit status
make[1]: *** [CMakeFiles/cmTC_46648.dir/build.make:87: cmTC_46648] Error 1
make[1]: se sale del directorio '/home/robotica/ws_moveit/build/ur12e_moveit_config/CMakeFiles/CMakeTmp'
make: *** [Makefile:121: cmTC_46648/fast] Error 2



