Symlinking /home/robotica/ws_moveit/devel/lib/libur30_kin.so
Symlinking /home/robotica/ws_moveit/devel/lib/libur15_moveit_plugin.so
Symlinking /home/robotica/ws_moveit/devel/lib/libur20_moveit_plugin.so
Symlinking /home/robotica/ws_moveit/devel/lib/libur16e_moveit_plugin.so
Symlinking /home/robotica/ws_moveit/devel/lib/libur10e_kin.so
Symlinking /home/robotica/ws_moveit/devel/lib/libur30_moveit_plugin.so
Symlinking /home/robotica/ws_moveit/devel/lib/libur3_kin.so
Symlinking /home/robotica/ws_moveit/devel/lib/libur10_kin.so
Symlinking /home/robotica/ws_moveit/devel/lib/libur15_kin.so
Symlinking /home/robotica/ws_moveit/devel/lib/libur20_kin.so
Symlinking /home/robotica/ws_moveit/devel/lib/libur3_moveit_plugin.so
Symlinking /home/robotica/ws_moveit/devel/lib/libur10e_moveit_plugin.so
Symlinking /home/robotica/ws_moveit/devel/lib/libur5_kin.so
Symlinking /home/robotica/ws_moveit/devel/lib/libur16e_kin.so
Symlinking /home/robotica/ws_moveit/devel/lib/libur3e_moveit_plugin.so
Symlinking /home/robotica/ws_moveit/devel/lib/libur5e_moveit_plugin.so
Symlinking /home/robotica/ws_moveit/devel/lib/libur5_moveit_plugin.so
Symlinking /home/robotica/ws_moveit/devel/lib/libur10_moveit_plugin.so
Symlinking /home/robotica/ws_moveit/devel/lib/libur5e_kin.so
Symlinking /home/robotica/ws_moveit/devel/lib/libur3e_kin.so
Symlinking /home/robotica/ws_moveit/devel/lib/pkgconfig/ur_kinematics.pc
Symlinking /home/robotica/ws_moveit/devel/lib/python3/dist-packages/ur_kinematics/__init__.py
Symlinking /home/robotica/ws_moveit/devel/share/ur_kinematics/cmake/ur_kinematicsConfig.cmake
Symlinking /home/robotica/ws_moveit/devel/share/ur_kinematics/cmake/ur_kinematicsConfig-version.cmake
