[35m[1mScanning dependencies of target ur30_kin[0m
[  2%] [32mBuilding CXX object CMakeFiles/ur30_kin.dir/src/ur_kin.cpp.o[0m
[  5%] [32m[1mLinking CXX shared library /home/robotica/ws_moveit/devel/.private/ur_kinematics/lib/libur30_kin.so[0m
[  5%] Built target ur30_kin
[35m[1mScanning dependencies of target ur20_kin[0m
[  7%] [32mBuilding CXX object CMakeFiles/ur20_kin.dir/src/ur_kin.cpp.o[0m
[ 10%] [32m[1mLinking CXX shared library /home/robotica/ws_moveit/devel/.private/ur_kinematics/lib/libur20_kin.so[0m
[ 10%] Built target ur20_kin
[35m[1mScanning dependencies of target ur15_kin[0m
[ 12%] [32mBuilding CXX object CMakeFiles/ur15_kin.dir/src/ur_kin.cpp.o[0m
[ 15%] [32m[1mLinking CXX shared library /home/robotica/ws_moveit/devel/.private/ur_kinematics/lib/libur15_kin.so[0m
[ 15%] Built target ur15_kin
[35m[1mScanning dependencies of target ur16e_kin[0m
[ 17%] [32mBuilding CXX object CMakeFiles/ur16e_kin.dir/src/ur_kin.cpp.o[0m
[ 20%] [32m[1mLinking CXX shared library /home/robotica/ws_moveit/devel/.private/ur_kinematics/lib/libur16e_kin.so[0m
[ 20%] Built target ur16e_kin
[35m[1mScanning dependencies of target ur10e_kin[0m
[ 22%] [32mBuilding CXX object CMakeFiles/ur10e_kin.dir/src/ur_kin.cpp.o[0m
[ 25%] [32m[1mLinking CXX shared library /home/robotica/ws_moveit/devel/.private/ur_kinematics/lib/libur10e_kin.so[0m
[ 25%] Built target ur10e_kin
[35m[1mScanning dependencies of target ur10_kin[0m
[ 27%] [32mBuilding CXX object CMakeFiles/ur10_kin.dir/src/ur_kin.cpp.o[0m
[ 30%] [32m[1mLinking CXX shared library /home/robotica/ws_moveit/devel/.private/ur_kinematics/lib/libur10_kin.so[0m
[ 30%] Built target ur10_kin
[35m[1mScanning dependencies of target ur3e_kin[0m
[ 32%] [32mBuilding CXX object CMakeFiles/ur3e_kin.dir/src/ur_kin.cpp.o[0m
[ 35%] [32m[1mLinking CXX shared library /home/robotica/ws_moveit/devel/.private/ur_kinematics/lib/libur3e_kin.so[0m
[ 35%] Built target ur3e_kin
[35m[1mScanning dependencies of target ur3_kin[0m
[ 37%] [32mBuilding CXX object CMakeFiles/ur3_kin.dir/src/ur_kin.cpp.o[0m
[ 40%] [32m[1mLinking CXX shared library /home/robotica/ws_moveit/devel/.private/ur_kinematics/lib/libur3_kin.so[0m
[ 40%] Built target ur3_kin
[35m[1mScanning dependencies of target ur5_kin[0m
[ 42%] [32mBuilding CXX object CMakeFiles/ur5_kin.dir/src/ur_kin.cpp.o[0m
[ 45%] [32m[1mLinking CXX shared library /home/robotica/ws_moveit/devel/.private/ur_kinematics/lib/libur5_kin.so[0m
[ 45%] Built target ur5_kin
[35m[1mScanning dependencies of target ur5e_kin[0m
[ 47%] [32mBuilding CXX object CMakeFiles/ur5e_kin.dir/src/ur_kin.cpp.o[0m
[ 50%] [32m[1mLinking CXX shared library /home/robotica/ws_moveit/devel/.private/ur_kinematics/lib/libur5e_kin.so[0m
[ 50%] Built target ur5e_kin
[35m[1mScanning dependencies of target ur30_moveit_plugin[0m
[ 52%] [32mBuilding CXX object CMakeFiles/ur30_moveit_plugin.dir/src/ur_moveit_plugin.cpp.o[0m
[ 55%] [32m[1mLinking CXX shared library /home/robotica/ws_moveit/devel/.private/ur_kinematics/lib/libur30_moveit_plugin.so[0m
[ 55%] Built target ur30_moveit_plugin
[35m[1mScanning dependencies of target ur20_moveit_plugin[0m
[ 57%] [32mBuilding CXX object CMakeFiles/ur20_moveit_plugin.dir/src/ur_moveit_plugin.cpp.o[0m
[ 60%] [32m[1mLinking CXX shared library /home/robotica/ws_moveit/devel/.private/ur_kinematics/lib/libur20_moveit_plugin.so[0m
[ 60%] Built target ur20_moveit_plugin
[35m[1mScanning dependencies of target ur15_moveit_plugin[0m
[ 62%] [32mBuilding CXX object CMakeFiles/ur15_moveit_plugin.dir/src/ur_moveit_plugin.cpp.o[0m
[35m[1mScanning dependencies of target ur16e_moveit_plugin[0m
[ 65%] [32mBuilding CXX object CMakeFiles/ur16e_moveit_plugin.dir/src/ur_moveit_plugin.cpp.o[0m
[ 67%] [32m[1mLinking CXX shared library /home/robotica/ws_moveit/devel/.private/ur_kinematics/lib/libur15_moveit_plugin.so[0m
[ 67%] Built target ur15_moveit_plugin
[35m[1mScanning dependencies of target ur10e_moveit_plugin[0m
[ 70%] [32mBuilding CXX object CMakeFiles/ur10e_moveit_plugin.dir/src/ur_moveit_plugin.cpp.o[0m
[ 72%] [32m[1mLinking CXX shared library /home/robotica/ws_moveit/devel/.private/ur_kinematics/lib/libur16e_moveit_plugin.so[0m
[ 72%] Built target ur16e_moveit_plugin
[35m[1mScanning dependencies of target ur10_moveit_plugin[0m
[ 75%] [32mBuilding CXX object CMakeFiles/ur10_moveit_plugin.dir/src/ur_moveit_plugin.cpp.o[0m
[ 77%] [32m[1mLinking CXX shared library /home/robotica/ws_moveit/devel/.private/ur_kinematics/lib/libur10e_moveit_plugin.so[0m
[ 77%] Built target ur10e_moveit_plugin
[35m[1mScanning dependencies of target ur3e_moveit_plugin[0m
[ 80%] [32mBuilding CXX object CMakeFiles/ur3e_moveit_plugin.dir/src/ur_moveit_plugin.cpp.o[0m
[ 82%] [32m[1mLinking CXX shared library /home/robotica/ws_moveit/devel/.private/ur_kinematics/lib/libur10_moveit_plugin.so[0m
[ 82%] Built target ur10_moveit_plugin
[35m[1mScanning dependencies of target ur3_moveit_plugin[0m
[ 85%] [32mBuilding CXX object CMakeFiles/ur3_moveit_plugin.dir/src/ur_moveit_plugin.cpp.o[0m
[ 87%] [32m[1mLinking CXX shared library /home/robotica/ws_moveit/devel/.private/ur_kinematics/lib/libur3e_moveit_plugin.so[0m
[ 87%] Built target ur3e_moveit_plugin
[35m[1mScanning dependencies of target ur5_moveit_plugin[0m
[ 90%] [32mBuilding CXX object CMakeFiles/ur5_moveit_plugin.dir/src/ur_moveit_plugin.cpp.o[0m
[ 92%] [32m[1mLinking CXX shared library /home/robotica/ws_moveit/devel/.private/ur_kinematics/lib/libur3_moveit_plugin.so[0m
[ 92%] Built target ur3_moveit_plugin
[35m[1mScanning dependencies of target ur5e_moveit_plugin[0m
[ 95%] [32mBuilding CXX object CMakeFiles/ur5e_moveit_plugin.dir/src/ur_moveit_plugin.cpp.o[0m
[ 97%] [32m[1mLinking CXX shared library /home/robotica/ws_moveit/devel/.private/ur_kinematics/lib/libur5_moveit_plugin.so[0m
[ 97%] Built target ur5_moveit_plugin
[100%] [32m[1mLinking CXX shared library /home/robotica/ws_moveit/devel/.private/ur_kinematics/lib/libur5e_moveit_plugin.so[0m
[100%] Built target ur5e_moveit_plugin
