[  2%] [32m[1mLinking CXX shared library /home/robotica/ws_moveit/devel/.private/moveit_tutorials/lib/libcontroller_manager_example.so[0m
[  4%] Built target controller_manager_example
[  6%] [32m[1mLinking CXX shared library /home/robotica/ws_moveit/devel/.private/moveit_tutorials/lib/libinteractivity_utils.so[0m
[ 13%] Built target interactivity_utils
[ 15%] [32m[1mLinking CXX executable /home/robotica/ws_moveit/devel/.private/moveit_tutorials/lib/moveit_tutorials/ros_api_tutorial[0m
[ 18%] Built target ros_api_tutorial
[ 20%] [32m[1mLinking CXX executable /home/robotica/ws_moveit/devel/.private/moveit_tutorials/lib/moveit_tutorials/motion_planning_api_tutorial[0m
[ 22%] [32m[1mLinking CXX executable /home/robotica/ws_moveit/devel/.private/moveit_tutorials/lib/moveit_tutorials/motion_planning_pipeline_tutorial[0m
[ 25%] Built target motion_planning_api_tutorial
[ 27%] [32m[1mLinking CXX executable /home/robotica/ws_moveit/devel/.private/moveit_tutorials/lib/moveit_tutorials/move_group_interface_tutorial[0m
[ 29%] Built target motion_planning_pipeline_tutorial
[ 31%] [32m[1mLinking CXX executable /home/robotica/ws_moveit/devel/.private/moveit_tutorials/lib/moveit_tutorials/bag_publisher_maintain_time[0m
[ 34%] Built target bag_publisher_maintain_time
[ 36%] Built target move_group_interface_tutorial
[ 38%] [32m[1mLinking CXX executable /home/robotica/ws_moveit/devel/.private/moveit_tutorials/lib/moveit_tutorials/detect_and_add_cylinder_collision_object_demo[0m
[ 40%] [32m[1mLinking CXX executable /home/robotica/ws_moveit/devel/.private/moveit_tutorials/lib/moveit_tutorials/pick_place_tutorial[0m
[ 43%] Built target pick_place_tutorial
[ 45%] [32m[1mLinking CXX executable /home/robotica/ws_moveit/devel/.private/moveit_tutorials/lib/moveit_tutorials/planning_scene_tutorial[0m
[ 47%] Built target planning_scene_tutorial
[ 50%] [32m[1mLinking CXX executable /home/robotica/ws_moveit/devel/.private/moveit_tutorials/lib/moveit_tutorials/planning_scene_ros_api_tutorial[0m
[ 52%] Built target planning_scene_ros_api_tutorial
[ 54%] [32m[1mLinking CXX executable /home/robotica/ws_moveit/devel/.private/moveit_tutorials/lib/moveit_tutorials/robot_model_and_robot_state_tutorial[0m
[ 56%] Built target robot_model_and_robot_state_tutorial
[ 59%] [32m[1mLinking CXX executable /home/robotica/ws_moveit/devel/.private/moveit_tutorials/lib/moveit_tutorials/state_display_tutorial[0m
[ 61%] Built target detect_and_add_cylinder_collision_object_demo
[ 63%] Built target state_display_tutorial
[ 65%] [32m[1mLinking CXX executable /home/robotica/ws_moveit/devel/.private/moveit_tutorials/lib/moveit_tutorials/subframes_tutorial[0m
[ 68%] [32m[1mLinking CXX executable /home/robotica/ws_moveit/devel/.private/moveit_tutorials/lib/moveit_tutorials/trajopt_example[0m
[ 70%] Built target subframes_tutorial
[ 72%] Built target trajopt_example
[ 75%] [32m[1mLinking CXX shared library /home/robotica/ws_moveit/devel/.private/moveit_tutorials/lib/libmoveit_lerp_planner_plugin.so[0m
[ 77%] [32m[1mLinking CXX executable /home/robotica/ws_moveit/devel/.private/moveit_tutorials/lib/moveit_tutorials/lerp_example[0m
[ 84%] Built target moveit_lerp_planner_plugin
[ 86%] [32m[1mLinking CXX executable /home/robotica/ws_moveit/devel/.private/moveit_tutorials/lib/moveit_tutorials/moveit_cpp_tutorial[0m
[ 88%] Built target lerp_example
[ 90%] [32m[1mLinking CXX executable /home/robotica/ws_moveit/devel/.private/moveit_tutorials/lib/moveit_tutorials/visualizing_collisions_tutorial[0m
[ 93%] Built target moveit_cpp_tutorial
[ 95%] [32m[1mLinking CXX executable /home/robotica/ws_moveit/devel/.private/moveit_tutorials/lib/moveit_tutorials/bullet_collision_checker_tutorial[0m
[ 97%] Built target visualizing_collisions_tutorial
[100%] Built target bullet_collision_checker_tutorial
