Symlinking /home/robotica/ws_moveit/devel/include/tm_msgs/SendScriptRequest.h
Symlinking /home/robotica/ws_moveit/devel/include/tm_msgs/AskStaResponse.h
Symlinking /home/robotica/ws_moveit/devel/include/tm_msgs/WriteItemRequest.h
Symlinking /home/robotica/ws_moveit/devel/include/tm_msgs/SetEvent.h
Symlinking /home/robotica/ws_moveit/devel/include/tm_msgs/AskSta.h
Symlinking /home/robotica/ws_moveit/devel/include/tm_msgs/SvrResponse.h
Symlinking /home/robotica/ws_moveit/devel/include/tm_msgs/AskItemRequest.h
Symlinking /home/robotica/ws_moveit/devel/include/tm_msgs/SetEventRequest.h
Symlinking /home/robotica/ws_moveit/devel/include/tm_msgs/WriteItemResponse.h
Symlinking /home/robotica/ws_moveit/devel/include/tm_msgs/ConnectTMRequest.h
Symlinking /home/robotica/ws_moveit/devel/include/tm_msgs/ConnectTMResponse.h
Symlinking /home/robotica/ws_moveit/devel/include/tm_msgs/SctResponse.h
Symlinking /home/robotica/ws_moveit/devel/include/tm_msgs/SetEventResponse.h
Symlinking /home/robotica/ws_moveit/devel/include/tm_msgs/SetPositions.h
Symlinking /home/robotica/ws_moveit/devel/include/tm_msgs/AskItemResponse.h
Symlinking /home/robotica/ws_moveit/devel/include/tm_msgs/SetIOResponse.h
Symlinking /home/robotica/ws_moveit/devel/include/tm_msgs/SetPositionsRequest.h
Symlinking /home/robotica/ws_moveit/devel/include/tm_msgs/AskStaRequest.h
Symlinking /home/robotica/ws_moveit/devel/include/tm_msgs/SetIO.h
Symlinking /home/robotica/ws_moveit/devel/include/tm_msgs/AskItem.h
Symlinking /home/robotica/ws_moveit/devel/include/tm_msgs/SetPositionsResponse.h
Symlinking /home/robotica/ws_moveit/devel/include/tm_msgs/FeedbackState.h
Symlinking /home/robotica/ws_moveit/devel/include/tm_msgs/ConnectTM.h
Symlinking /home/robotica/ws_moveit/devel/include/tm_msgs/WriteItem.h
Symlinking /home/robotica/ws_moveit/devel/include/tm_msgs/SendScriptResponse.h
Symlinking /home/robotica/ws_moveit/devel/include/tm_msgs/SetIORequest.h
Symlinking /home/robotica/ws_moveit/devel/include/tm_msgs/StaResponse.h
Symlinking /home/robotica/ws_moveit/devel/include/tm_msgs/SendScript.h
Symlinking /home/robotica/ws_moveit/devel/lib/pkgconfig/tm_msgs.pc
Symlinking /home/robotica/ws_moveit/devel/lib/python3/dist-packages/tm_msgs/__init__.py
Symlinking /home/robotica/ws_moveit/devel/lib/python3/dist-packages/tm_msgs/srv/_SetPositions.py
Symlinking /home/robotica/ws_moveit/devel/lib/python3/dist-packages/tm_msgs/srv/_SetEvent.py
Symlinking /home/robotica/ws_moveit/devel/lib/python3/dist-packages/tm_msgs/srv/_AskSta.py
Symlinking /home/robotica/ws_moveit/devel/lib/python3/dist-packages/tm_msgs/srv/_SendScript.py
Symlinking /home/robotica/ws_moveit/devel/lib/python3/dist-packages/tm_msgs/srv/_AskItem.py
Symlinking /home/robotica/ws_moveit/devel/lib/python3/dist-packages/tm_msgs/srv/_SetIO.py
Symlinking /home/robotica/ws_moveit/devel/lib/python3/dist-packages/tm_msgs/srv/_WriteItem.py
Symlinking /home/robotica/ws_moveit/devel/lib/python3/dist-packages/tm_msgs/srv/_ConnectTM.py
Symlinking /home/robotica/ws_moveit/devel/lib/python3/dist-packages/tm_msgs/srv/__init__.py
Symlinking /home/robotica/ws_moveit/devel/lib/python3/dist-packages/tm_msgs/msg/_FeedbackState.py
Symlinking /home/robotica/ws_moveit/devel/lib/python3/dist-packages/tm_msgs/msg/_StaResponse.py
Symlinking /home/robotica/ws_moveit/devel/lib/python3/dist-packages/tm_msgs/msg/_SvrResponse.py
Symlinking /home/robotica/ws_moveit/devel/lib/python3/dist-packages/tm_msgs/msg/_SctResponse.py
Symlinking /home/robotica/ws_moveit/devel/lib/python3/dist-packages/tm_msgs/msg/__init__.py
Symlinking /home/robotica/ws_moveit/devel/share/gennodejs/ros/tm_msgs/_index.js
Symlinking /home/robotica/ws_moveit/devel/share/gennodejs/ros/tm_msgs/srv/SendScript.js
Symlinking /home/robotica/ws_moveit/devel/share/gennodejs/ros/tm_msgs/srv/WriteItem.js
Symlinking /home/robotica/ws_moveit/devel/share/gennodejs/ros/tm_msgs/srv/ConnectTM.js
Symlinking /home/robotica/ws_moveit/devel/share/gennodejs/ros/tm_msgs/srv/SetIO.js
Symlinking /home/robotica/ws_moveit/devel/share/gennodejs/ros/tm_msgs/srv/SetEvent.js
Symlinking /home/robotica/ws_moveit/devel/share/gennodejs/ros/tm_msgs/srv/AskItem.js
Symlinking /home/robotica/ws_moveit/devel/share/gennodejs/ros/tm_msgs/srv/SetPositions.js
Symlinking /home/robotica/ws_moveit/devel/share/gennodejs/ros/tm_msgs/srv/AskSta.js
Symlinking /home/robotica/ws_moveit/devel/share/gennodejs/ros/tm_msgs/srv/_index.js
Symlinking /home/robotica/ws_moveit/devel/share/gennodejs/ros/tm_msgs/msg/SctResponse.js
Symlinking /home/robotica/ws_moveit/devel/share/gennodejs/ros/tm_msgs/msg/FeedbackState.js
Symlinking /home/robotica/ws_moveit/devel/share/gennodejs/ros/tm_msgs/msg/SvrResponse.js
Symlinking /home/robotica/ws_moveit/devel/share/gennodejs/ros/tm_msgs/msg/_index.js
Symlinking /home/robotica/ws_moveit/devel/share/gennodejs/ros/tm_msgs/msg/StaResponse.js
Symlinking /home/robotica/ws_moveit/devel/share/tm_msgs/cmake/tm_msgs-msg-extras.cmake
Symlinking /home/robotica/ws_moveit/devel/share/tm_msgs/cmake/tm_msgsConfig-version.cmake
Symlinking /home/robotica/ws_moveit/devel/share/tm_msgs/cmake/tm_msgs-msg-paths.cmake
Symlinking /home/robotica/ws_moveit/devel/share/tm_msgs/cmake/tm_msgsConfig.cmake
Symlinking /home/robotica/ws_moveit/devel/share/common-lisp/ros/tm_msgs/srv/SetPositions.lisp
Symlinking /home/robotica/ws_moveit/devel/share/common-lisp/ros/tm_msgs/srv/_package_ConnectTM.lisp
Symlinking /home/robotica/ws_moveit/devel/share/common-lisp/ros/tm_msgs/srv/SetEvent.lisp
Symlinking /home/robotica/ws_moveit/devel/share/common-lisp/ros/tm_msgs/srv/ConnectTM.lisp
Symlinking /home/robotica/ws_moveit/devel/share/common-lisp/ros/tm_msgs/srv/AskSta.lisp
Symlinking /home/robotica/ws_moveit/devel/share/common-lisp/ros/tm_msgs/srv/SendScript.lisp
Symlinking /home/robotica/ws_moveit/devel/share/common-lisp/ros/tm_msgs/srv/_package_SetPositions.lisp
Symlinking /home/robotica/ws_moveit/devel/share/common-lisp/ros/tm_msgs/srv/tm_msgs-srv.asd
Symlinking /home/robotica/ws_moveit/devel/share/common-lisp/ros/tm_msgs/srv/WriteItem.lisp
Symlinking /home/robotica/ws_moveit/devel/share/common-lisp/ros/tm_msgs/srv/AskItem.lisp
Symlinking /home/robotica/ws_moveit/devel/share/common-lisp/ros/tm_msgs/srv/_package_SendScript.lisp
Symlinking /home/robotica/ws_moveit/devel/share/common-lisp/ros/tm_msgs/srv/SetIO.lisp
Symlinking /home/robotica/ws_moveit/devel/share/common-lisp/ros/tm_msgs/srv/_package_SetIO.lisp
Symlinking /home/robotica/ws_moveit/devel/share/common-lisp/ros/tm_msgs/srv/_package.lisp
Symlinking /home/robotica/ws_moveit/devel/share/common-lisp/ros/tm_msgs/srv/_package_AskSta.lisp
Symlinking /home/robotica/ws_moveit/devel/share/common-lisp/ros/tm_msgs/srv/_package_SetEvent.lisp
Symlinking /home/robotica/ws_moveit/devel/share/common-lisp/ros/tm_msgs/srv/_package_WriteItem.lisp
Symlinking /home/robotica/ws_moveit/devel/share/common-lisp/ros/tm_msgs/srv/_package_AskItem.lisp
Symlinking /home/robotica/ws_moveit/devel/share/common-lisp/ros/tm_msgs/msg/_package_SvrResponse.lisp
Symlinking /home/robotica/ws_moveit/devel/share/common-lisp/ros/tm_msgs/msg/tm_msgs-msg.asd
Symlinking /home/robotica/ws_moveit/devel/share/common-lisp/ros/tm_msgs/msg/_package_StaResponse.lisp
Symlinking /home/robotica/ws_moveit/devel/share/common-lisp/ros/tm_msgs/msg/SctResponse.lisp
Symlinking /home/robotica/ws_moveit/devel/share/common-lisp/ros/tm_msgs/msg/_package.lisp
Symlinking /home/robotica/ws_moveit/devel/share/common-lisp/ros/tm_msgs/msg/FeedbackState.lisp
Symlinking /home/robotica/ws_moveit/devel/share/common-lisp/ros/tm_msgs/msg/StaResponse.lisp
Symlinking /home/robotica/ws_moveit/devel/share/common-lisp/ros/tm_msgs/msg/_package_SctResponse.lisp
Symlinking /home/robotica/ws_moveit/devel/share/common-lisp/ros/tm_msgs/msg/SvrResponse.lisp
Symlinking /home/robotica/ws_moveit/devel/share/common-lisp/ros/tm_msgs/msg/_package_FeedbackState.lisp
Symlinking /home/robotica/ws_moveit/devel/share/roseus/ros/tm_msgs/manifest.l
Symlinking /home/robotica/ws_moveit/devel/share/roseus/ros/tm_msgs/srv/AskSta.l
Symlinking /home/robotica/ws_moveit/devel/share/roseus/ros/tm_msgs/srv/ConnectTM.l
Symlinking /home/robotica/ws_moveit/devel/share/roseus/ros/tm_msgs/srv/SetEvent.l
Symlinking /home/robotica/ws_moveit/devel/share/roseus/ros/tm_msgs/srv/AskItem.l
Symlinking /home/robotica/ws_moveit/devel/share/roseus/ros/tm_msgs/srv/SendScript.l
Symlinking /home/robotica/ws_moveit/devel/share/roseus/ros/tm_msgs/srv/WriteItem.l
Symlinking /home/robotica/ws_moveit/devel/share/roseus/ros/tm_msgs/srv/SetPositions.l
Symlinking /home/robotica/ws_moveit/devel/share/roseus/ros/tm_msgs/srv/SetIO.l
Symlinking /home/robotica/ws_moveit/devel/share/roseus/ros/tm_msgs/msg/SvrResponse.l
Symlinking /home/robotica/ws_moveit/devel/share/roseus/ros/tm_msgs/msg/FeedbackState.l
Symlinking /home/robotica/ws_moveit/devel/share/roseus/ros/tm_msgs/msg/StaResponse.l
Symlinking /home/robotica/ws_moveit/devel/share/roseus/ros/tm_msgs/msg/SctResponse.l
