[35m[1mScanning dependencies of target _tm_msgs_generate_messages_check_deps_AskItem[0m
[  0%] Built target _tm_msgs_generate_messages_check_deps_AskItem
[35m[1mScanning dependencies of target _tm_msgs_generate_messages_check_deps_AskSta[0m
[  0%] Built target _tm_msgs_generate_messages_check_deps_AskSta
[35m[1mScanning dependencies of target _tm_msgs_generate_messages_check_deps_SetPositions[0m
[  0%] Built target _tm_msgs_generate_messages_check_deps_SetPositions
[35m[1mScanning dependencies of target _tm_msgs_generate_messages_check_deps_SetIO[0m
[  0%] Built target _tm_msgs_generate_messages_check_deps_SetIO
[35m[1mScanning dependencies of target _tm_msgs_generate_messages_check_deps_SetEvent[0m
[  0%] Built target _tm_msgs_generate_messages_check_deps_SetEvent
[35m[1mScanning dependencies of target _tm_msgs_generate_messages_check_deps_SendScript[0m
[  0%] Built target _tm_msgs_generate_messages_check_deps_SendScript
[35m[1mScanning dependencies of target sensor_msgs_generate_messages_cpp[0m
[  0%] Built target sensor_msgs_generate_messages_cpp
[35m[1mScanning dependencies of target _tm_msgs_generate_messages_check_deps_FeedbackState[0m
[  0%] Built target _tm_msgs_generate_messages_check_deps_FeedbackState
[35m[1mScanning dependencies of target geometry_msgs_generate_messages_cpp[0m
[  0%] Built target geometry_msgs_generate_messages_cpp
[35m[1mScanning dependencies of target _tm_msgs_generate_messages_check_deps_SvrResponse[0m
[  0%] Built target _tm_msgs_generate_messages_check_deps_SvrResponse
[35m[1mScanning dependencies of target _tm_msgs_generate_messages_check_deps_WriteItem[0m
[  0%] Built target _tm_msgs_generate_messages_check_deps_WriteItem
[35m[1mScanning dependencies of target _tm_msgs_generate_messages_check_deps_StaResponse[0m
[  0%] Built target _tm_msgs_generate_messages_check_deps_StaResponse
[35m[1mScanning dependencies of target std_msgs_generate_messages_cpp[0m
[  0%] Built target std_msgs_generate_messages_cpp
[35m[1mScanning dependencies of target _tm_msgs_generate_messages_check_deps_ConnectTM[0m
[  0%] Built target _tm_msgs_generate_messages_check_deps_ConnectTM
[35m[1mScanning dependencies of target _tm_msgs_generate_messages_check_deps_SctResponse[0m
[  0%] Built target _tm_msgs_generate_messages_check_deps_SctResponse
[35m[1mScanning dependencies of target std_msgs_generate_messages_py[0m
[  0%] Built target std_msgs_generate_messages_py
[35m[1mScanning dependencies of target geometry_msgs_generate_messages_py[0m
[  0%] Built target geometry_msgs_generate_messages_py
[35m[1mScanning dependencies of target sensor_msgs_generate_messages_py[0m
[  0%] Built target sensor_msgs_generate_messages_py
[35m[1mScanning dependencies of target std_msgs_generate_messages_lisp[0m
[  0%] Built target std_msgs_generate_messages_lisp
[35m[1mScanning dependencies of target sensor_msgs_generate_messages_lisp[0m
[  0%] Built target sensor_msgs_generate_messages_lisp
[35m[1mScanning dependencies of target geometry_msgs_generate_messages_lisp[0m
[  0%] Built target geometry_msgs_generate_messages_lisp
[35m[1mScanning dependencies of target sensor_msgs_generate_messages_nodejs[0m
[  0%] Built target sensor_msgs_generate_messages_nodejs
[35m[1mScanning dependencies of target geometry_msgs_generate_messages_nodejs[0m
[  0%] Built target geometry_msgs_generate_messages_nodejs
[35m[1mScanning dependencies of target std_msgs_generate_messages_nodejs[0m
[  0%] Built target std_msgs_generate_messages_nodejs
[35m[1mScanning dependencies of target sensor_msgs_generate_messages_eus[0m
[  0%] Built target sensor_msgs_generate_messages_eus
[35m[1mScanning dependencies of target std_msgs_generate_messages_eus[0m
[  0%] Built target std_msgs_generate_messages_eus
[35m[1mScanning dependencies of target geometry_msgs_generate_messages_eus[0m
[  0%] Built target geometry_msgs_generate_messages_eus
[35m[1mScanning dependencies of target tm_msgs_generate_messages_cpp[0m
[  1%] [34m[1mGenerating C++ code from tm_msgs/FeedbackState.msg[0m
[  3%] [34m[1mGenerating C++ code from tm_msgs/SvrResponse.msg[0m
[  4%] [34m[1mGenerating C++ code from tm_msgs/SctResponse.msg[0m
[  6%] [34m[1mGenerating C++ code from tm_msgs/StaResponse.msg[0m
[  7%] [34m[1mGenerating C++ code from tm_msgs/ConnectTM.srv[0m
[  9%] [34m[1mGenerating C++ code from tm_msgs/WriteItem.srv[0m
[ 11%] [34m[1mGenerating C++ code from tm_msgs/AskItem.srv[0m
[ 12%] [34m[1mGenerating C++ code from tm_msgs/SendScript.srv[0m
[ 14%] [34m[1mGenerating C++ code from tm_msgs/SetEvent.srv[0m
[ 15%] [34m[1mGenerating C++ code from tm_msgs/SetIO.srv[0m
[ 17%] [34m[1mGenerating C++ code from tm_msgs/SetPositions.srv[0m
[ 19%] [34m[1mGenerating C++ code from tm_msgs/AskSta.srv[0m
[ 19%] Built target tm_msgs_generate_messages_cpp
[35m[1mScanning dependencies of target tm_msgs_generate_messages_py[0m
[ 20%] [34m[1mGenerating Python from MSG tm_msgs/FeedbackState[0m
[ 22%] [34m[1mGenerating Python from MSG tm_msgs/SvrResponse[0m
[ 23%] [34m[1mGenerating Python from MSG tm_msgs/SctResponse[0m
[ 25%] [34m[1mGenerating Python from MSG tm_msgs/StaResponse[0m
[ 26%] [34m[1mGenerating Python code from SRV tm_msgs/ConnectTM[0m
[ 28%] [34m[1mGenerating Python code from SRV tm_msgs/WriteItem[0m
[ 30%] [34m[1mGenerating Python code from SRV tm_msgs/AskItem[0m
[ 31%] [34m[1mGenerating Python code from SRV tm_msgs/SendScript[0m
[ 33%] [34m[1mGenerating Python code from SRV tm_msgs/SetEvent[0m
[ 34%] [34m[1mGenerating Python code from SRV tm_msgs/SetIO[0m
[ 36%] [34m[1mGenerating Python code from SRV tm_msgs/SetPositions[0m
[ 38%] [34m[1mGenerating Python code from SRV tm_msgs/AskSta[0m
[ 39%] [34m[1mGenerating Python msg __init__.py for tm_msgs[0m
[ 41%] [34m[1mGenerating Python srv __init__.py for tm_msgs[0m
[ 41%] Built target tm_msgs_generate_messages_py
[35m[1mScanning dependencies of target tm_msgs_generate_messages_lisp[0m
[ 42%] [34m[1mGenerating Lisp code from tm_msgs/FeedbackState.msg[0m
[ 44%] [34m[1mGenerating Lisp code from tm_msgs/SvrResponse.msg[0m
[ 46%] [34m[1mGenerating Lisp code from tm_msgs/SctResponse.msg[0m
[ 47%] [34m[1mGenerating Lisp code from tm_msgs/StaResponse.msg[0m
[ 49%] [34m[1mGenerating Lisp code from tm_msgs/ConnectTM.srv[0m
[ 50%] [34m[1mGenerating Lisp code from tm_msgs/WriteItem.srv[0m
[ 52%] [34m[1mGenerating Lisp code from tm_msgs/AskItem.srv[0m
[ 53%] [34m[1mGenerating Lisp code from tm_msgs/SendScript.srv[0m
[ 55%] [34m[1mGenerating Lisp code from tm_msgs/SetEvent.srv[0m
[ 57%] [34m[1mGenerating Lisp code from tm_msgs/SetIO.srv[0m
[ 58%] [34m[1mGenerating Lisp code from tm_msgs/SetPositions.srv[0m
[ 60%] [34m[1mGenerating Lisp code from tm_msgs/AskSta.srv[0m
[ 60%] Built target tm_msgs_generate_messages_lisp
[35m[1mScanning dependencies of target tm_msgs_generate_messages_nodejs[0m
[ 61%] [34m[1mGenerating Javascript code from tm_msgs/FeedbackState.msg[0m
[ 63%] [34m[1mGenerating Javascript code from tm_msgs/SvrResponse.msg[0m
[ 65%] [34m[1mGenerating Javascript code from tm_msgs/SctResponse.msg[0m
[ 66%] [34m[1mGenerating Javascript code from tm_msgs/StaResponse.msg[0m
[ 68%] [34m[1mGenerating Javascript code from tm_msgs/ConnectTM.srv[0m
[ 69%] [34m[1mGenerating Javascript code from tm_msgs/WriteItem.srv[0m
[ 71%] [34m[1mGenerating Javascript code from tm_msgs/AskItem.srv[0m
[ 73%] [34m[1mGenerating Javascript code from tm_msgs/SendScript.srv[0m
[ 74%] [34m[1mGenerating Javascript code from tm_msgs/SetEvent.srv[0m
[ 76%] [34m[1mGenerating Javascript code from tm_msgs/SetIO.srv[0m
[ 77%] [34m[1mGenerating Javascript code from tm_msgs/SetPositions.srv[0m
[ 79%] [34m[1mGenerating Javascript code from tm_msgs/AskSta.srv[0m
[ 79%] Built target tm_msgs_generate_messages_nodejs
[35m[1mScanning dependencies of target tm_msgs_generate_messages_eus[0m
[ 80%] [34m[1mGenerating EusLisp code from tm_msgs/FeedbackState.msg[0m
[ 82%] [34m[1mGenerating EusLisp code from tm_msgs/SvrResponse.msg[0m
[ 84%] [34m[1mGenerating EusLisp code from tm_msgs/SctResponse.msg[0m
[ 85%] [34m[1mGenerating EusLisp code from tm_msgs/StaResponse.msg[0m
[ 87%] [34m[1mGenerating EusLisp code from tm_msgs/ConnectTM.srv[0m
[ 88%] [34m[1mGenerating EusLisp code from tm_msgs/WriteItem.srv[0m
[ 90%] [34m[1mGenerating EusLisp code from tm_msgs/AskItem.srv[0m
[ 92%] [34m[1mGenerating EusLisp code from tm_msgs/SendScript.srv[0m
[ 93%] [34m[1mGenerating EusLisp code from tm_msgs/SetEvent.srv[0m
[ 95%] [34m[1mGenerating EusLisp code from tm_msgs/SetIO.srv[0m
[ 96%] [34m[1mGenerating EusLisp code from tm_msgs/SetPositions.srv[0m
[ 98%] [34m[1mGenerating EusLisp code from tm_msgs/AskSta.srv[0m
[100%] [34m[1mGenerating EusLisp manifest code for tm_msgs[0m
[100%] Built target tm_msgs_generate_messages_eus
[35m[1mScanning dependencies of target tm_msgs_generate_messages[0m
[100%] Built target tm_msgs_generate_messages
