Symlinking /home/robotica/ws_moveit/devel/include/onrobot_gripper_msgs/OnrobotGripperCommandResult.h
Symlinking /home/robotica/ws_moveit/devel/include/onrobot_gripper_msgs/OnrobotGripperCommand.h
Symlinking /home/robotica/ws_moveit/devel/include/onrobot_gripper_msgs/OnrobotGripperCommandGoal.h
Symlinking /home/robotica/ws_moveit/devel/include/onrobot_gripper_msgs/OnrobotGripperCommandActionFeedback.h
Symlinking /home/robotica/ws_moveit/devel/include/onrobot_gripper_msgs/OnrobotGripperCommandActionResult.h
Symlinking /home/robotica/ws_moveit/devel/include/onrobot_gripper_msgs/OnrobotGripperCommandActionGoal.h
Symlinking /home/robotica/ws_moveit/devel/include/onrobot_gripper_msgs/OnrobotGripperCommandAction.h
Symlinking /home/robotica/ws_moveit/devel/include/onrobot_gripper_msgs/JointControllerState.h
Symlinking /home/robotica/ws_moveit/devel/include/onrobot_gripper_msgs/OnrobotGripperCommandFeedback.h
Symlinking /home/robotica/ws_moveit/devel/lib/pkgconfig/onrobot_gripper_msgs.pc
Symlinking /home/robotica/ws_moveit/devel/lib/python3/dist-packages/onrobot_gripper_msgs/__init__.py
Symlinking /home/robotica/ws_moveit/devel/lib/python3/dist-packages/onrobot_gripper_msgs/msg/_OnrobotGripperCommandResult.py
Symlinking /home/robotica/ws_moveit/devel/lib/python3/dist-packages/onrobot_gripper_msgs/msg/_OnrobotGripperCommandFeedback.py
Symlinking /home/robotica/ws_moveit/devel/lib/python3/dist-packages/onrobot_gripper_msgs/msg/_OnrobotGripperCommandGoal.py
Symlinking /home/robotica/ws_moveit/devel/lib/python3/dist-packages/onrobot_gripper_msgs/msg/_OnrobotGripperCommandActionResult.py
Symlinking /home/robotica/ws_moveit/devel/lib/python3/dist-packages/onrobot_gripper_msgs/msg/_OnrobotGripperCommandAction.py
Symlinking /home/robotica/ws_moveit/devel/lib/python3/dist-packages/onrobot_gripper_msgs/msg/_OnrobotGripperCommand.py
Symlinking /home/robotica/ws_moveit/devel/lib/python3/dist-packages/onrobot_gripper_msgs/msg/_OnrobotGripperCommandActionFeedback.py
Symlinking /home/robotica/ws_moveit/devel/lib/python3/dist-packages/onrobot_gripper_msgs/msg/_OnrobotGripperCommandActionGoal.py
Symlinking /home/robotica/ws_moveit/devel/lib/python3/dist-packages/onrobot_gripper_msgs/msg/_JointControllerState.py
Symlinking /home/robotica/ws_moveit/devel/lib/python3/dist-packages/onrobot_gripper_msgs/msg/__init__.py
Symlinking /home/robotica/ws_moveit/devel/share/onrobot_gripper_msgs/msg/OnrobotGripperCommandActionFeedback.msg
Symlinking /home/robotica/ws_moveit/devel/share/onrobot_gripper_msgs/msg/OnrobotGripperCommandResult.msg
Symlinking /home/robotica/ws_moveit/devel/share/onrobot_gripper_msgs/msg/OnrobotGripperCommandAction.msg
Symlinking /home/robotica/ws_moveit/devel/share/onrobot_gripper_msgs/msg/OnrobotGripperCommandFeedback.msg
Symlinking /home/robotica/ws_moveit/devel/share/onrobot_gripper_msgs/msg/OnrobotGripperCommandActionResult.msg
Symlinking /home/robotica/ws_moveit/devel/share/onrobot_gripper_msgs/msg/OnrobotGripperCommandGoal.msg
Symlinking /home/robotica/ws_moveit/devel/share/onrobot_gripper_msgs/msg/OnrobotGripperCommandActionGoal.msg
Symlinking /home/robotica/ws_moveit/devel/share/onrobot_gripper_msgs/cmake/onrobot_gripper_msgs-msg-paths.cmake
Symlinking /home/robotica/ws_moveit/devel/share/onrobot_gripper_msgs/cmake/onrobot_gripper_msgsConfig-version.cmake
Symlinking /home/robotica/ws_moveit/devel/share/onrobot_gripper_msgs/cmake/onrobot_gripper_msgs-msg-extras.cmake
Symlinking /home/robotica/ws_moveit/devel/share/onrobot_gripper_msgs/cmake/onrobot_gripper_msgsConfig.cmake
Symlinking /home/robotica/ws_moveit/devel/share/gennodejs/ros/onrobot_gripper_msgs/_index.js
Symlinking /home/robotica/ws_moveit/devel/share/gennodejs/ros/onrobot_gripper_msgs/msg/JointControllerState.js
Symlinking /home/robotica/ws_moveit/devel/share/gennodejs/ros/onrobot_gripper_msgs/msg/OnrobotGripperCommand.js
Symlinking /home/robotica/ws_moveit/devel/share/gennodejs/ros/onrobot_gripper_msgs/msg/OnrobotGripperCommandActionGoal.js
Symlinking /home/robotica/ws_moveit/devel/share/gennodejs/ros/onrobot_gripper_msgs/msg/OnrobotGripperCommandAction.js
Symlinking /home/robotica/ws_moveit/devel/share/gennodejs/ros/onrobot_gripper_msgs/msg/OnrobotGripperCommandActionResult.js
Symlinking /home/robotica/ws_moveit/devel/share/gennodejs/ros/onrobot_gripper_msgs/msg/_index.js
Symlinking /home/robotica/ws_moveit/devel/share/gennodejs/ros/onrobot_gripper_msgs/msg/OnrobotGripperCommandFeedback.js
Symlinking /home/robotica/ws_moveit/devel/share/gennodejs/ros/onrobot_gripper_msgs/msg/OnrobotGripperCommandActionFeedback.js
Symlinking /home/robotica/ws_moveit/devel/share/gennodejs/ros/onrobot_gripper_msgs/msg/OnrobotGripperCommandResult.js
Symlinking /home/robotica/ws_moveit/devel/share/gennodejs/ros/onrobot_gripper_msgs/msg/OnrobotGripperCommandGoal.js
Symlinking /home/robotica/ws_moveit/devel/share/common-lisp/ros/onrobot_gripper_msgs/msg/_package_JointControllerState.lisp
Symlinking /home/robotica/ws_moveit/devel/share/common-lisp/ros/onrobot_gripper_msgs/msg/_package_OnrobotGripperCommandGoal.lisp
Symlinking /home/robotica/ws_moveit/devel/share/common-lisp/ros/onrobot_gripper_msgs/msg/OnrobotGripperCommand.lisp
Symlinking /home/robotica/ws_moveit/devel/share/common-lisp/ros/onrobot_gripper_msgs/msg/OnrobotGripperCommandGoal.lisp
Symlinking /home/robotica/ws_moveit/devel/share/common-lisp/ros/onrobot_gripper_msgs/msg/_package_OnrobotGripperCommandActionFeedback.lisp
Symlinking /home/robotica/ws_moveit/devel/share/common-lisp/ros/onrobot_gripper_msgs/msg/OnrobotGripperCommandActionResult.lisp
Symlinking /home/robotica/ws_moveit/devel/share/common-lisp/ros/onrobot_gripper_msgs/msg/OnrobotGripperCommandActionGoal.lisp
Symlinking /home/robotica/ws_moveit/devel/share/common-lisp/ros/onrobot_gripper_msgs/msg/OnrobotGripperCommandFeedback.lisp
Symlinking /home/robotica/ws_moveit/devel/share/common-lisp/ros/onrobot_gripper_msgs/msg/_package_OnrobotGripperCommandActionGoal.lisp
Symlinking /home/robotica/ws_moveit/devel/share/common-lisp/ros/onrobot_gripper_msgs/msg/_package_OnrobotGripperCommand.lisp
Symlinking /home/robotica/ws_moveit/devel/share/common-lisp/ros/onrobot_gripper_msgs/msg/JointControllerState.lisp
Symlinking /home/robotica/ws_moveit/devel/share/common-lisp/ros/onrobot_gripper_msgs/msg/_package_OnrobotGripperCommandAction.lisp
Symlinking /home/robotica/ws_moveit/devel/share/common-lisp/ros/onrobot_gripper_msgs/msg/_package_OnrobotGripperCommandFeedback.lisp
Symlinking /home/robotica/ws_moveit/devel/share/common-lisp/ros/onrobot_gripper_msgs/msg/_package.lisp
Symlinking /home/robotica/ws_moveit/devel/share/common-lisp/ros/onrobot_gripper_msgs/msg/_package_OnrobotGripperCommandResult.lisp
Symlinking /home/robotica/ws_moveit/devel/share/common-lisp/ros/onrobot_gripper_msgs/msg/OnrobotGripperCommandResult.lisp
Symlinking /home/robotica/ws_moveit/devel/share/common-lisp/ros/onrobot_gripper_msgs/msg/OnrobotGripperCommandActionFeedback.lisp
Symlinking /home/robotica/ws_moveit/devel/share/common-lisp/ros/onrobot_gripper_msgs/msg/onrobot_gripper_msgs-msg.asd
Symlinking /home/robotica/ws_moveit/devel/share/common-lisp/ros/onrobot_gripper_msgs/msg/_package_OnrobotGripperCommandActionResult.lisp
Symlinking /home/robotica/ws_moveit/devel/share/common-lisp/ros/onrobot_gripper_msgs/msg/OnrobotGripperCommandAction.lisp
Symlinking /home/robotica/ws_moveit/devel/share/roseus/ros/onrobot_gripper_msgs/manifest.l
Symlinking /home/robotica/ws_moveit/devel/share/roseus/ros/onrobot_gripper_msgs/msg/OnrobotGripperCommandActionFeedback.l
Symlinking /home/robotica/ws_moveit/devel/share/roseus/ros/onrobot_gripper_msgs/msg/OnrobotGripperCommandActionGoal.l
Symlinking /home/robotica/ws_moveit/devel/share/roseus/ros/onrobot_gripper_msgs/msg/OnrobotGripperCommandAction.l
Symlinking /home/robotica/ws_moveit/devel/share/roseus/ros/onrobot_gripper_msgs/msg/OnrobotGripperCommandResult.l
Symlinking /home/robotica/ws_moveit/devel/share/roseus/ros/onrobot_gripper_msgs/msg/OnrobotGripperCommandGoal.l
Symlinking /home/robotica/ws_moveit/devel/share/roseus/ros/onrobot_gripper_msgs/msg/OnrobotGripperCommand.l
Symlinking /home/robotica/ws_moveit/devel/share/roseus/ros/onrobot_gripper_msgs/msg/OnrobotGripperCommandActionResult.l
Symlinking /home/robotica/ws_moveit/devel/share/roseus/ros/onrobot_gripper_msgs/msg/JointControllerState.l
Symlinking /home/robotica/ws_moveit/devel/share/roseus/ros/onrobot_gripper_msgs/msg/OnrobotGripperCommandFeedback.l
