Linked: (/home/robotica/ws_moveit/devel/.private/onrobot_gripper_msgs/include/onrobot_gripper_msgs/OnrobotGripperCommandResult.h, /home/robotica/ws_moveit/devel/include/onrobot_gripper_msgs/OnrobotGripperCommandResult.h)
Linked: (/home/robotica/ws_moveit/devel/.private/onrobot_gripper_msgs/include/onrobot_gripper_msgs/OnrobotGripperCommand.h, /home/robotica/ws_moveit/devel/include/onrobot_gripper_msgs/OnrobotGripperCommand.h)
Linked: (/home/robotica/ws_moveit/devel/.private/onrobot_gripper_msgs/include/onrobot_gripper_msgs/OnrobotGripperCommandGoal.h, /home/robotica/ws_moveit/devel/include/onrobot_gripper_msgs/OnrobotGripperCommandGoal.h)
Linked: (/home/robotica/ws_moveit/devel/.private/onrobot_gripper_msgs/include/onrobot_gripper_msgs/OnrobotGripperCommandActionFeedback.h, /home/robotica/ws_moveit/devel/include/onrobot_gripper_msgs/OnrobotGripperCommandActionFeedback.h)
Linked: (/home/robotica/ws_moveit/devel/.private/onrobot_gripper_msgs/include/onrobot_gripper_msgs/OnrobotGripperCommandActionResult.h, /home/robotica/ws_moveit/devel/include/onrobot_gripper_msgs/OnrobotGripperCommandActionResult.h)
Linked: (/home/robotica/ws_moveit/devel/.private/onrobot_gripper_msgs/include/onrobot_gripper_msgs/OnrobotGripperCommandActionGoal.h, /home/robotica/ws_moveit/devel/include/onrobot_gripper_msgs/OnrobotGripperCommandActionGoal.h)
Linked: (/home/robotica/ws_moveit/devel/.private/onrobot_gripper_msgs/include/onrobot_gripper_msgs/OnrobotGripperCommandAction.h, /home/robotica/ws_moveit/devel/include/onrobot_gripper_msgs/OnrobotGripperCommandAction.h)
Linked: (/home/robotica/ws_moveit/devel/.private/onrobot_gripper_msgs/include/onrobot_gripper_msgs/JointControllerState.h, /home/robotica/ws_moveit/devel/include/onrobot_gripper_msgs/JointControllerState.h)
Linked: (/home/robotica/ws_moveit/devel/.private/onrobot_gripper_msgs/include/onrobot_gripper_msgs/OnrobotGripperCommandFeedback.h, /home/robotica/ws_moveit/devel/include/onrobot_gripper_msgs/OnrobotGripperCommandFeedback.h)
Linked: (/home/robotica/ws_moveit/devel/.private/onrobot_gripper_msgs/lib/pkgconfig/onrobot_gripper_msgs.pc, /home/robotica/ws_moveit/devel/lib/pkgconfig/onrobot_gripper_msgs.pc)
Linked: (/home/robotica/ws_moveit/devel/.private/onrobot_gripper_msgs/lib/python3/dist-packages/onrobot_gripper_msgs/__init__.py, /home/robotica/ws_moveit/devel/lib/python3/dist-packages/onrobot_gripper_msgs/__init__.py)
Linked: (/home/robotica/ws_moveit/devel/.private/onrobot_gripper_msgs/lib/python3/dist-packages/onrobot_gripper_msgs/msg/_OnrobotGripperCommandResult.py, /home/robotica/ws_moveit/devel/lib/python3/dist-packages/onrobot_gripper_msgs/msg/_OnrobotGripperCommandResult.py)
Linked: (/home/robotica/ws_moveit/devel/.private/onrobot_gripper_msgs/lib/python3/dist-packages/onrobot_gripper_msgs/msg/_OnrobotGripperCommandFeedback.py, /home/robotica/ws_moveit/devel/lib/python3/dist-packages/onrobot_gripper_msgs/msg/_OnrobotGripperCommandFeedback.py)
Linked: (/home/robotica/ws_moveit/devel/.private/onrobot_gripper_msgs/lib/python3/dist-packages/onrobot_gripper_msgs/msg/_OnrobotGripperCommandGoal.py, /home/robotica/ws_moveit/devel/lib/python3/dist-packages/onrobot_gripper_msgs/msg/_OnrobotGripperCommandGoal.py)
Linked: (/home/robotica/ws_moveit/devel/.private/onrobot_gripper_msgs/lib/python3/dist-packages/onrobot_gripper_msgs/msg/_OnrobotGripperCommandActionResult.py, /home/robotica/ws_moveit/devel/lib/python3/dist-packages/onrobot_gripper_msgs/msg/_OnrobotGripperCommandActionResult.py)
Linked: (/home/robotica/ws_moveit/devel/.private/onrobot_gripper_msgs/lib/python3/dist-packages/onrobot_gripper_msgs/msg/_OnrobotGripperCommandAction.py, /home/robotica/ws_moveit/devel/lib/python3/dist-packages/onrobot_gripper_msgs/msg/_OnrobotGripperCommandAction.py)
Linked: (/home/robotica/ws_moveit/devel/.private/onrobot_gripper_msgs/lib/python3/dist-packages/onrobot_gripper_msgs/msg/_OnrobotGripperCommand.py, /home/robotica/ws_moveit/devel/lib/python3/dist-packages/onrobot_gripper_msgs/msg/_OnrobotGripperCommand.py)
Linked: (/home/robotica/ws_moveit/devel/.private/onrobot_gripper_msgs/lib/python3/dist-packages/onrobot_gripper_msgs/msg/_OnrobotGripperCommandActionFeedback.py, /home/robotica/ws_moveit/devel/lib/python3/dist-packages/onrobot_gripper_msgs/msg/_OnrobotGripperCommandActionFeedback.py)
Linked: (/home/robotica/ws_moveit/devel/.private/onrobot_gripper_msgs/lib/python3/dist-packages/onrobot_gripper_msgs/msg/_OnrobotGripperCommandActionGoal.py, /home/robotica/ws_moveit/devel/lib/python3/dist-packages/onrobot_gripper_msgs/msg/_OnrobotGripperCommandActionGoal.py)
Linked: (/home/robotica/ws_moveit/devel/.private/onrobot_gripper_msgs/lib/python3/dist-packages/onrobot_gripper_msgs/msg/_JointControllerState.py, /home/robotica/ws_moveit/devel/lib/python3/dist-packages/onrobot_gripper_msgs/msg/_JointControllerState.py)
Linked: (/home/robotica/ws_moveit/devel/.private/onrobot_gripper_msgs/lib/python3/dist-packages/onrobot_gripper_msgs/msg/__init__.py, /home/robotica/ws_moveit/devel/lib/python3/dist-packages/onrobot_gripper_msgs/msg/__init__.py)
Linked: (/home/robotica/ws_moveit/devel/.private/onrobot_gripper_msgs/share/onrobot_gripper_msgs/msg/OnrobotGripperCommandActionFeedback.msg, /home/robotica/ws_moveit/devel/share/onrobot_gripper_msgs/msg/OnrobotGripperCommandActionFeedback.msg)
Linked: (/home/robotica/ws_moveit/devel/.private/onrobot_gripper_msgs/share/onrobot_gripper_msgs/msg/OnrobotGripperCommandResult.msg, /home/robotica/ws_moveit/devel/share/onrobot_gripper_msgs/msg/OnrobotGripperCommandResult.msg)
Linked: (/home/robotica/ws_moveit/devel/.private/onrobot_gripper_msgs/share/onrobot_gripper_msgs/msg/OnrobotGripperCommandAction.msg, /home/robotica/ws_moveit/devel/share/onrobot_gripper_msgs/msg/OnrobotGripperCommandAction.msg)
Linked: (/home/robotica/ws_moveit/devel/.private/onrobot_gripper_msgs/share/onrobot_gripper_msgs/msg/OnrobotGripperCommandFeedback.msg, /home/robotica/ws_moveit/devel/share/onrobot_gripper_msgs/msg/OnrobotGripperCommandFeedback.msg)
Linked: (/home/robotica/ws_moveit/devel/.private/onrobot_gripper_msgs/share/onrobot_gripper_msgs/msg/OnrobotGripperCommandActionResult.msg, /home/robotica/ws_moveit/devel/share/onrobot_gripper_msgs/msg/OnrobotGripperCommandActionResult.msg)
Linked: (/home/robotica/ws_moveit/devel/.private/onrobot_gripper_msgs/share/onrobot_gripper_msgs/msg/OnrobotGripperCommandGoal.msg, /home/robotica/ws_moveit/devel/share/onrobot_gripper_msgs/msg/OnrobotGripperCommandGoal.msg)
Linked: (/home/robotica/ws_moveit/devel/.private/onrobot_gripper_msgs/share/onrobot_gripper_msgs/msg/OnrobotGripperCommandActionGoal.msg, /home/robotica/ws_moveit/devel/share/onrobot_gripper_msgs/msg/OnrobotGripperCommandActionGoal.msg)
Linked: (/home/robotica/ws_moveit/devel/.private/onrobot_gripper_msgs/share/onrobot_gripper_msgs/cmake/onrobot_gripper_msgs-msg-paths.cmake, /home/robotica/ws_moveit/devel/share/onrobot_gripper_msgs/cmake/onrobot_gripper_msgs-msg-paths.cmake)
Linked: (/home/robotica/ws_moveit/devel/.private/onrobot_gripper_msgs/share/onrobot_gripper_msgs/cmake/onrobot_gripper_msgsConfig-version.cmake, /home/robotica/ws_moveit/devel/share/onrobot_gripper_msgs/cmake/onrobot_gripper_msgsConfig-version.cmake)
Linked: (/home/robotica/ws_moveit/devel/.private/onrobot_gripper_msgs/share/onrobot_gripper_msgs/cmake/onrobot_gripper_msgs-msg-extras.cmake, /home/robotica/ws_moveit/devel/share/onrobot_gripper_msgs/cmake/onrobot_gripper_msgs-msg-extras.cmake)
Linked: (/home/robotica/ws_moveit/devel/.private/onrobot_gripper_msgs/share/onrobot_gripper_msgs/cmake/onrobot_gripper_msgsConfig.cmake, /home/robotica/ws_moveit/devel/share/onrobot_gripper_msgs/cmake/onrobot_gripper_msgsConfig.cmake)
Linked: (/home/robotica/ws_moveit/devel/.private/onrobot_gripper_msgs/share/gennodejs/ros/onrobot_gripper_msgs/_index.js, /home/robotica/ws_moveit/devel/share/gennodejs/ros/onrobot_gripper_msgs/_index.js)
Linked: (/home/robotica/ws_moveit/devel/.private/onrobot_gripper_msgs/share/gennodejs/ros/onrobot_gripper_msgs/msg/JointControllerState.js, /home/robotica/ws_moveit/devel/share/gennodejs/ros/onrobot_gripper_msgs/msg/JointControllerState.js)
Linked: (/home/robotica/ws_moveit/devel/.private/onrobot_gripper_msgs/share/gennodejs/ros/onrobot_gripper_msgs/msg/OnrobotGripperCommand.js, /home/robotica/ws_moveit/devel/share/gennodejs/ros/onrobot_gripper_msgs/msg/OnrobotGripperCommand.js)
Linked: (/home/robotica/ws_moveit/devel/.private/onrobot_gripper_msgs/share/gennodejs/ros/onrobot_gripper_msgs/msg/OnrobotGripperCommandActionGoal.js, /home/robotica/ws_moveit/devel/share/gennodejs/ros/onrobot_gripper_msgs/msg/OnrobotGripperCommandActionGoal.js)
Linked: (/home/robotica/ws_moveit/devel/.private/onrobot_gripper_msgs/share/gennodejs/ros/onrobot_gripper_msgs/msg/OnrobotGripperCommandAction.js, /home/robotica/ws_moveit/devel/share/gennodejs/ros/onrobot_gripper_msgs/msg/OnrobotGripperCommandAction.js)
Linked: (/home/robotica/ws_moveit/devel/.private/onrobot_gripper_msgs/share/gennodejs/ros/onrobot_gripper_msgs/msg/OnrobotGripperCommandActionResult.js, /home/robotica/ws_moveit/devel/share/gennodejs/ros/onrobot_gripper_msgs/msg/OnrobotGripperCommandActionResult.js)
Linked: (/home/robotica/ws_moveit/devel/.private/onrobot_gripper_msgs/share/gennodejs/ros/onrobot_gripper_msgs/msg/_index.js, /home/robotica/ws_moveit/devel/share/gennodejs/ros/onrobot_gripper_msgs/msg/_index.js)
Linked: (/home/robotica/ws_moveit/devel/.private/onrobot_gripper_msgs/share/gennodejs/ros/onrobot_gripper_msgs/msg/OnrobotGripperCommandFeedback.js, /home/robotica/ws_moveit/devel/share/gennodejs/ros/onrobot_gripper_msgs/msg/OnrobotGripperCommandFeedback.js)
Linked: (/home/robotica/ws_moveit/devel/.private/onrobot_gripper_msgs/share/gennodejs/ros/onrobot_gripper_msgs/msg/OnrobotGripperCommandActionFeedback.js, /home/robotica/ws_moveit/devel/share/gennodejs/ros/onrobot_gripper_msgs/msg/OnrobotGripperCommandActionFeedback.js)
Linked: (/home/robotica/ws_moveit/devel/.private/onrobot_gripper_msgs/share/gennodejs/ros/onrobot_gripper_msgs/msg/OnrobotGripperCommandResult.js, /home/robotica/ws_moveit/devel/share/gennodejs/ros/onrobot_gripper_msgs/msg/OnrobotGripperCommandResult.js)
Linked: (/home/robotica/ws_moveit/devel/.private/onrobot_gripper_msgs/share/gennodejs/ros/onrobot_gripper_msgs/msg/OnrobotGripperCommandGoal.js, /home/robotica/ws_moveit/devel/share/gennodejs/ros/onrobot_gripper_msgs/msg/OnrobotGripperCommandGoal.js)
Linked: (/home/robotica/ws_moveit/devel/.private/onrobot_gripper_msgs/share/common-lisp/ros/onrobot_gripper_msgs/msg/_package_JointControllerState.lisp, /home/robotica/ws_moveit/devel/share/common-lisp/ros/onrobot_gripper_msgs/msg/_package_JointControllerState.lisp)
Linked: (/home/robotica/ws_moveit/devel/.private/onrobot_gripper_msgs/share/common-lisp/ros/onrobot_gripper_msgs/msg/_package_OnrobotGripperCommandGoal.lisp, /home/robotica/ws_moveit/devel/share/common-lisp/ros/onrobot_gripper_msgs/msg/_package_OnrobotGripperCommandGoal.lisp)
Linked: (/home/robotica/ws_moveit/devel/.private/onrobot_gripper_msgs/share/common-lisp/ros/onrobot_gripper_msgs/msg/OnrobotGripperCommand.lisp, /home/robotica/ws_moveit/devel/share/common-lisp/ros/onrobot_gripper_msgs/msg/OnrobotGripperCommand.lisp)
Linked: (/home/robotica/ws_moveit/devel/.private/onrobot_gripper_msgs/share/common-lisp/ros/onrobot_gripper_msgs/msg/OnrobotGripperCommandGoal.lisp, /home/robotica/ws_moveit/devel/share/common-lisp/ros/onrobot_gripper_msgs/msg/OnrobotGripperCommandGoal.lisp)
Linked: (/home/robotica/ws_moveit/devel/.private/onrobot_gripper_msgs/share/common-lisp/ros/onrobot_gripper_msgs/msg/_package_OnrobotGripperCommandActionFeedback.lisp, /home/robotica/ws_moveit/devel/share/common-lisp/ros/onrobot_gripper_msgs/msg/_package_OnrobotGripperCommandActionFeedback.lisp)
Linked: (/home/robotica/ws_moveit/devel/.private/onrobot_gripper_msgs/share/common-lisp/ros/onrobot_gripper_msgs/msg/OnrobotGripperCommandActionResult.lisp, /home/robotica/ws_moveit/devel/share/common-lisp/ros/onrobot_gripper_msgs/msg/OnrobotGripperCommandActionResult.lisp)
Linked: (/home/robotica/ws_moveit/devel/.private/onrobot_gripper_msgs/share/common-lisp/ros/onrobot_gripper_msgs/msg/OnrobotGripperCommandActionGoal.lisp, /home/robotica/ws_moveit/devel/share/common-lisp/ros/onrobot_gripper_msgs/msg/OnrobotGripperCommandActionGoal.lisp)
Linked: (/home/robotica/ws_moveit/devel/.private/onrobot_gripper_msgs/share/common-lisp/ros/onrobot_gripper_msgs/msg/OnrobotGripperCommandFeedback.lisp, /home/robotica/ws_moveit/devel/share/common-lisp/ros/onrobot_gripper_msgs/msg/OnrobotGripperCommandFeedback.lisp)
Linked: (/home/robotica/ws_moveit/devel/.private/onrobot_gripper_msgs/share/common-lisp/ros/onrobot_gripper_msgs/msg/_package_OnrobotGripperCommandActionGoal.lisp, /home/robotica/ws_moveit/devel/share/common-lisp/ros/onrobot_gripper_msgs/msg/_package_OnrobotGripperCommandActionGoal.lisp)
Linked: (/home/robotica/ws_moveit/devel/.private/onrobot_gripper_msgs/share/common-lisp/ros/onrobot_gripper_msgs/msg/_package_OnrobotGripperCommand.lisp, /home/robotica/ws_moveit/devel/share/common-lisp/ros/onrobot_gripper_msgs/msg/_package_OnrobotGripperCommand.lisp)
Linked: (/home/robotica/ws_moveit/devel/.private/onrobot_gripper_msgs/share/common-lisp/ros/onrobot_gripper_msgs/msg/JointControllerState.lisp, /home/robotica/ws_moveit/devel/share/common-lisp/ros/onrobot_gripper_msgs/msg/JointControllerState.lisp)
Linked: (/home/robotica/ws_moveit/devel/.private/onrobot_gripper_msgs/share/common-lisp/ros/onrobot_gripper_msgs/msg/_package_OnrobotGripperCommandAction.lisp, /home/robotica/ws_moveit/devel/share/common-lisp/ros/onrobot_gripper_msgs/msg/_package_OnrobotGripperCommandAction.lisp)
Linked: (/home/robotica/ws_moveit/devel/.private/onrobot_gripper_msgs/share/common-lisp/ros/onrobot_gripper_msgs/msg/_package_OnrobotGripperCommandFeedback.lisp, /home/robotica/ws_moveit/devel/share/common-lisp/ros/onrobot_gripper_msgs/msg/_package_OnrobotGripperCommandFeedback.lisp)
Linked: (/home/robotica/ws_moveit/devel/.private/onrobot_gripper_msgs/share/common-lisp/ros/onrobot_gripper_msgs/msg/_package.lisp, /home/robotica/ws_moveit/devel/share/common-lisp/ros/onrobot_gripper_msgs/msg/_package.lisp)
Linked: (/home/robotica/ws_moveit/devel/.private/onrobot_gripper_msgs/share/common-lisp/ros/onrobot_gripper_msgs/msg/_package_OnrobotGripperCommandResult.lisp, /home/robotica/ws_moveit/devel/share/common-lisp/ros/onrobot_gripper_msgs/msg/_package_OnrobotGripperCommandResult.lisp)
Linked: (/home/robotica/ws_moveit/devel/.private/onrobot_gripper_msgs/share/common-lisp/ros/onrobot_gripper_msgs/msg/OnrobotGripperCommandResult.lisp, /home/robotica/ws_moveit/devel/share/common-lisp/ros/onrobot_gripper_msgs/msg/OnrobotGripperCommandResult.lisp)
Linked: (/home/robotica/ws_moveit/devel/.private/onrobot_gripper_msgs/share/common-lisp/ros/onrobot_gripper_msgs/msg/OnrobotGripperCommandActionFeedback.lisp, /home/robotica/ws_moveit/devel/share/common-lisp/ros/onrobot_gripper_msgs/msg/OnrobotGripperCommandActionFeedback.lisp)
Linked: (/home/robotica/ws_moveit/devel/.private/onrobot_gripper_msgs/share/common-lisp/ros/onrobot_gripper_msgs/msg/onrobot_gripper_msgs-msg.asd, /home/robotica/ws_moveit/devel/share/common-lisp/ros/onrobot_gripper_msgs/msg/onrobot_gripper_msgs-msg.asd)
Linked: (/home/robotica/ws_moveit/devel/.private/onrobot_gripper_msgs/share/common-lisp/ros/onrobot_gripper_msgs/msg/_package_OnrobotGripperCommandActionResult.lisp, /home/robotica/ws_moveit/devel/share/common-lisp/ros/onrobot_gripper_msgs/msg/_package_OnrobotGripperCommandActionResult.lisp)
Linked: (/home/robotica/ws_moveit/devel/.private/onrobot_gripper_msgs/share/common-lisp/ros/onrobot_gripper_msgs/msg/OnrobotGripperCommandAction.lisp, /home/robotica/ws_moveit/devel/share/common-lisp/ros/onrobot_gripper_msgs/msg/OnrobotGripperCommandAction.lisp)
Linked: (/home/robotica/ws_moveit/devel/.private/onrobot_gripper_msgs/share/roseus/ros/onrobot_gripper_msgs/manifest.l, /home/robotica/ws_moveit/devel/share/roseus/ros/onrobot_gripper_msgs/manifest.l)
Linked: (/home/robotica/ws_moveit/devel/.private/onrobot_gripper_msgs/share/roseus/ros/onrobot_gripper_msgs/msg/OnrobotGripperCommandActionFeedback.l, /home/robotica/ws_moveit/devel/share/roseus/ros/onrobot_gripper_msgs/msg/OnrobotGripperCommandActionFeedback.l)
Linked: (/home/robotica/ws_moveit/devel/.private/onrobot_gripper_msgs/share/roseus/ros/onrobot_gripper_msgs/msg/OnrobotGripperCommandActionGoal.l, /home/robotica/ws_moveit/devel/share/roseus/ros/onrobot_gripper_msgs/msg/OnrobotGripperCommandActionGoal.l)
Linked: (/home/robotica/ws_moveit/devel/.private/onrobot_gripper_msgs/share/roseus/ros/onrobot_gripper_msgs/msg/OnrobotGripperCommandAction.l, /home/robotica/ws_moveit/devel/share/roseus/ros/onrobot_gripper_msgs/msg/OnrobotGripperCommandAction.l)
Linked: (/home/robotica/ws_moveit/devel/.private/onrobot_gripper_msgs/share/roseus/ros/onrobot_gripper_msgs/msg/OnrobotGripperCommandResult.l, /home/robotica/ws_moveit/devel/share/roseus/ros/onrobot_gripper_msgs/msg/OnrobotGripperCommandResult.l)
Linked: (/home/robotica/ws_moveit/devel/.private/onrobot_gripper_msgs/share/roseus/ros/onrobot_gripper_msgs/msg/OnrobotGripperCommandGoal.l, /home/robotica/ws_moveit/devel/share/roseus/ros/onrobot_gripper_msgs/msg/OnrobotGripperCommandGoal.l)
Linked: (/home/robotica/ws_moveit/devel/.private/onrobot_gripper_msgs/share/roseus/ros/onrobot_gripper_msgs/msg/OnrobotGripperCommand.l, /home/robotica/ws_moveit/devel/share/roseus/ros/onrobot_gripper_msgs/msg/OnrobotGripperCommand.l)
Linked: (/home/robotica/ws_moveit/devel/.private/onrobot_gripper_msgs/share/roseus/ros/onrobot_gripper_msgs/msg/OnrobotGripperCommandActionResult.l, /home/robotica/ws_moveit/devel/share/roseus/ros/onrobot_gripper_msgs/msg/OnrobotGripperCommandActionResult.l)
Linked: (/home/robotica/ws_moveit/devel/.private/onrobot_gripper_msgs/share/roseus/ros/onrobot_gripper_msgs/msg/JointControllerState.l, /home/robotica/ws_moveit/devel/share/roseus/ros/onrobot_gripper_msgs/msg/JointControllerState.l)
Linked: (/home/robotica/ws_moveit/devel/.private/onrobot_gripper_msgs/share/roseus/ros/onrobot_gripper_msgs/msg/OnrobotGripperCommandFeedback.l, /home/robotica/ws_moveit/devel/share/roseus/ros/onrobot_gripper_msgs/msg/OnrobotGripperCommandFeedback.l)
