[35m[1mScanning dependencies of target std_msgs_generate_messages_py[0m
[  0%] Built target std_msgs_generate_messages_py
[35m[1mScanning dependencies of target geometry_msgs_generate_messages_py[0m
[  0%] Built target geometry_msgs_generate_messages_py
[35m[1mScanning dependencies of target _onrobot_gripper_msgs_generate_messages_check_deps_OnrobotGripperCommandActionResult[0m
[  0%] Built target _onrobot_gripper_msgs_generate_messages_check_deps_OnrobotGripperCommandActionResult
[35m[1mScanning dependencies of target actionlib_msgs_generate_messages_py[0m
[  0%] Built target actionlib_msgs_generate_messages_py
[35m[1mScanning dependencies of target trajectory_msgs_generate_messages_py[0m
[  0%] Built target trajectory_msgs_generate_messages_py
[35m[1mScanning dependencies of target _onrobot_gripper_msgs_generate_messages_check_deps_OnrobotGripperCommandFeedback[0m
[  0%] Built target _onrobot_gripper_msgs_generate_messages_check_deps_OnrobotGripperCommandFeedback
[35m[1mScanning dependencies of target _onrobot_gripper_msgs_generate_messages_check_deps_JointControllerState[0m
[  0%] Built target _onrobot_gripper_msgs_generate_messages_check_deps_JointControllerState
[35m[1mScanning dependencies of target _onrobot_gripper_msgs_generate_messages_check_deps_OnrobotGripperCommand[0m
[  0%] Built target _onrobot_gripper_msgs_generate_messages_check_deps_OnrobotGripperCommand
[35m[1mScanning dependencies of target _onrobot_gripper_msgs_generate_messages_check_deps_OnrobotGripperCommandActionFeedback[0m
[  0%] Built target _onrobot_gripper_msgs_generate_messages_check_deps_OnrobotGripperCommandActionFeedback
[35m[1mScanning dependencies of target _onrobot_gripper_msgs_generate_messages_check_deps_OnrobotGripperCommandAction[0m
[  0%] Built target _onrobot_gripper_msgs_generate_messages_check_deps_OnrobotGripperCommandAction
[35m[1mScanning dependencies of target _onrobot_gripper_msgs_generate_messages_check_deps_OnrobotGripperCommandActionGoal[0m
[  0%] Built target _onrobot_gripper_msgs_generate_messages_check_deps_OnrobotGripperCommandActionGoal
[35m[1mScanning dependencies of target _onrobot_gripper_msgs_generate_messages_check_deps_OnrobotGripperCommandResult[0m
[  0%] Built target _onrobot_gripper_msgs_generate_messages_check_deps_OnrobotGripperCommandResult
[35m[1mScanning dependencies of target _onrobot_gripper_msgs_generate_messages_check_deps_OnrobotGripperCommandGoal[0m
[  0%] Built target _onrobot_gripper_msgs_generate_messages_check_deps_OnrobotGripperCommandGoal
[35m[1mScanning dependencies of target std_msgs_generate_messages_nodejs[0m
[  0%] Built target std_msgs_generate_messages_nodejs
[35m[1mScanning dependencies of target geometry_msgs_generate_messages_nodejs[0m
[  0%] Built target geometry_msgs_generate_messages_nodejs
[35m[1mScanning dependencies of target actionlib_msgs_generate_messages_nodejs[0m
[  0%] Built target actionlib_msgs_generate_messages_nodejs
[35m[1mScanning dependencies of target trajectory_msgs_generate_messages_nodejs[0m
[  0%] Built target trajectory_msgs_generate_messages_nodejs
[35m[1mScanning dependencies of target geometry_msgs_generate_messages_eus[0m
[  0%] Built target geometry_msgs_generate_messages_eus
[35m[1mScanning dependencies of target actionlib_msgs_generate_messages_eus[0m
[  0%] Built target actionlib_msgs_generate_messages_eus
[35m[1mScanning dependencies of target std_msgs_generate_messages_eus[0m
[  0%] Built target std_msgs_generate_messages_eus
[35m[1mScanning dependencies of target trajectory_msgs_generate_messages_eus[0m
[  0%] Built target trajectory_msgs_generate_messages_eus
[35m[1mScanning dependencies of target geometry_msgs_generate_messages_cpp[0m
[  0%] Built target geometry_msgs_generate_messages_cpp
[35m[1mScanning dependencies of target trajectory_msgs_generate_messages_cpp[0m
[  0%] Built target trajectory_msgs_generate_messages_cpp
[35m[1mScanning dependencies of target actionlib_msgs_generate_messages_cpp[0m
[  0%] Built target actionlib_msgs_generate_messages_cpp
[35m[1mScanning dependencies of target std_msgs_generate_messages_cpp[0m
[  0%] Built target std_msgs_generate_messages_cpp
[35m[1mScanning dependencies of target std_msgs_generate_messages_lisp[0m
[  0%] Built target std_msgs_generate_messages_lisp
[35m[1mScanning dependencies of target geometry_msgs_generate_messages_lisp[0m
[  0%] Built target geometry_msgs_generate_messages_lisp
[35m[1mScanning dependencies of target actionlib_msgs_generate_messages_lisp[0m
[  0%] Built target actionlib_msgs_generate_messages_lisp
[35m[1mScanning dependencies of target trajectory_msgs_generate_messages_lisp[0m
[  0%] Built target trajectory_msgs_generate_messages_lisp
[35m[1mScanning dependencies of target onrobot_gripper_msgs_generate_messages_py[0m
[  2%] [34m[1mGenerating Python from MSG onrobot_gripper_msgs/JointControllerState[0m
[  4%] [34m[1mGenerating Python from MSG onrobot_gripper_msgs/OnrobotGripperCommand[0m
[  6%] [34m[1mGenerating Python from MSG onrobot_gripper_msgs/OnrobotGripperCommandAction[0m
[  8%] [34m[1mGenerating Python from MSG onrobot_gripper_msgs/OnrobotGripperCommandActionGoal[0m
[ 10%] [34m[1mGenerating Python from MSG onrobot_gripper_msgs/OnrobotGripperCommandActionResult[0m
[ 12%] [34m[1mGenerating Python from MSG onrobot_gripper_msgs/OnrobotGripperCommandActionFeedback[0m
[ 14%] [34m[1mGenerating Python from MSG onrobot_gripper_msgs/OnrobotGripperCommandGoal[0m
[ 17%] [34m[1mGenerating Python from MSG onrobot_gripper_msgs/OnrobotGripperCommandResult[0m
[ 19%] [34m[1mGenerating Python from MSG onrobot_gripper_msgs/OnrobotGripperCommandFeedback[0m
[ 21%] [34m[1mGenerating Python msg __init__.py for onrobot_gripper_msgs[0m
[ 21%] Built target onrobot_gripper_msgs_generate_messages_py
[35m[1mScanning dependencies of target onrobot_gripper_msgs_generate_messages_nodejs[0m
[ 23%] [34m[1mGenerating Javascript code from onrobot_gripper_msgs/JointControllerState.msg[0m
[ 25%] [34m[1mGenerating Javascript code from onrobot_gripper_msgs/OnrobotGripperCommand.msg[0m
[ 27%] [34m[1mGenerating Javascript code from onrobot_gripper_msgs/OnrobotGripperCommandAction.msg[0m
[ 29%] [34m[1mGenerating Javascript code from onrobot_gripper_msgs/OnrobotGripperCommandActionGoal.msg[0m
[ 31%] [34m[1mGenerating Javascript code from onrobot_gripper_msgs/OnrobotGripperCommandActionResult.msg[0m
[ 34%] [34m[1mGenerating Javascript code from onrobot_gripper_msgs/OnrobotGripperCommandActionFeedback.msg[0m
[ 36%] [34m[1mGenerating Javascript code from onrobot_gripper_msgs/OnrobotGripperCommandGoal.msg[0m
[ 38%] [34m[1mGenerating Javascript code from onrobot_gripper_msgs/OnrobotGripperCommandResult.msg[0m
[ 40%] [34m[1mGenerating Javascript code from onrobot_gripper_msgs/OnrobotGripperCommandFeedback.msg[0m
[ 40%] Built target onrobot_gripper_msgs_generate_messages_nodejs
[35m[1mScanning dependencies of target onrobot_gripper_msgs_generate_messages_eus[0m
[ 42%] [34m[1mGenerating EusLisp code from onrobot_gripper_msgs/JointControllerState.msg[0m
[ 44%] [34m[1mGenerating EusLisp code from onrobot_gripper_msgs/OnrobotGripperCommand.msg[0m
[ 46%] [34m[1mGenerating EusLisp code from onrobot_gripper_msgs/OnrobotGripperCommandAction.msg[0m
[ 48%] [34m[1mGenerating EusLisp code from onrobot_gripper_msgs/OnrobotGripperCommandActionGoal.msg[0m
[ 51%] [34m[1mGenerating EusLisp code from onrobot_gripper_msgs/OnrobotGripperCommandActionResult.msg[0m
[ 53%] [34m[1mGenerating EusLisp code from onrobot_gripper_msgs/OnrobotGripperCommandActionFeedback.msg[0m
[ 55%] [34m[1mGenerating EusLisp code from onrobot_gripper_msgs/OnrobotGripperCommandGoal.msg[0m
[ 57%] [34m[1mGenerating EusLisp code from onrobot_gripper_msgs/OnrobotGripperCommandResult.msg[0m
[ 59%] [34m[1mGenerating EusLisp code from onrobot_gripper_msgs/OnrobotGripperCommandFeedback.msg[0m
[ 61%] [34m[1mGenerating EusLisp manifest code for onrobot_gripper_msgs[0m
[ 61%] Built target onrobot_gripper_msgs_generate_messages_eus
[35m[1mScanning dependencies of target onrobot_gripper_msgs_generate_messages_cpp[0m
[ 63%] [34m[1mGenerating C++ code from onrobot_gripper_msgs/JointControllerState.msg[0m
[ 65%] [34m[1mGenerating C++ code from onrobot_gripper_msgs/OnrobotGripperCommand.msg[0m
[ 68%] [34m[1mGenerating C++ code from onrobot_gripper_msgs/OnrobotGripperCommandAction.msg[0m
[ 70%] [34m[1mGenerating C++ code from onrobot_gripper_msgs/OnrobotGripperCommandActionGoal.msg[0m
[ 72%] [34m[1mGenerating C++ code from onrobot_gripper_msgs/OnrobotGripperCommandActionResult.msg[0m
[ 74%] [34m[1mGenerating C++ code from onrobot_gripper_msgs/OnrobotGripperCommandActionFeedback.msg[0m
[ 76%] [34m[1mGenerating C++ code from onrobot_gripper_msgs/OnrobotGripperCommandGoal.msg[0m
[ 78%] [34m[1mGenerating C++ code from onrobot_gripper_msgs/OnrobotGripperCommandResult.msg[0m
[ 80%] [34m[1mGenerating C++ code from onrobot_gripper_msgs/OnrobotGripperCommandFeedback.msg[0m
[ 80%] Built target onrobot_gripper_msgs_generate_messages_cpp
[35m[1mScanning dependencies of target onrobot_gripper_msgs_generate_messages_lisp[0m
[ 82%] [34m[1mGenerating Lisp code from onrobot_gripper_msgs/JointControllerState.msg[0m
[ 85%] [34m[1mGenerating Lisp code from onrobot_gripper_msgs/OnrobotGripperCommand.msg[0m
[ 87%] [34m[1mGenerating Lisp code from onrobot_gripper_msgs/OnrobotGripperCommandAction.msg[0m
[ 89%] [34m[1mGenerating Lisp code from onrobot_gripper_msgs/OnrobotGripperCommandActionGoal.msg[0m
[ 91%] [34m[1mGenerating Lisp code from onrobot_gripper_msgs/OnrobotGripperCommandActionResult.msg[0m
[ 93%] [34m[1mGenerating Lisp code from onrobot_gripper_msgs/OnrobotGripperCommandActionFeedback.msg[0m
[ 95%] [34m[1mGenerating Lisp code from onrobot_gripper_msgs/OnrobotGripperCommandGoal.msg[0m
[ 97%] [34m[1mGenerating Lisp code from onrobot_gripper_msgs/OnrobotGripperCommandResult.msg[0m
[100%] [34m[1mGenerating Lisp code from onrobot_gripper_msgs/OnrobotGripperCommandFeedback.msg[0m
[100%] Built target onrobot_gripper_msgs_generate_messages_lisp
[35m[1mScanning dependencies of target onrobot_gripper_msgs_generate_messages[0m
[100%] Built target onrobot_gripper_msgs_generate_messages
