[  0%] Built target std_msgs_generate_messages_py
[  0%] Built target geometry_msgs_generate_messages_py
[  0%] Built target _onrobot_gripper_msgs_generate_messages_check_deps_OnrobotGripperCommandActionResult
[  0%] Built target actionlib_msgs_generate_messages_py
[  0%] Built target trajectory_msgs_generate_messages_py
[  0%] Built target _onrobot_gripper_msgs_generate_messages_check_deps_OnrobotGripperCommandFeedback
[  0%] Built target _onrobot_gripper_msgs_generate_messages_check_deps_JointControllerState
[  0%] Built target _onrobot_gripper_msgs_generate_messages_check_deps_OnrobotGripperCommand
[  0%] Built target _onrobot_gripper_msgs_generate_messages_check_deps_OnrobotGripperCommandActionFeedback
[  0%] Built target _onrobot_gripper_msgs_generate_messages_check_deps_OnrobotGripperCommandAction
[  0%] Built target _onrobot_gripper_msgs_generate_messages_check_deps_OnrobotGripperCommandActionGoal
[  0%] Built target _onrobot_gripper_msgs_generate_messages_check_deps_OnrobotGripperCommandResult
[  0%] Built target _onrobot_gripper_msgs_generate_messages_check_deps_OnrobotGripperCommandGoal
[  0%] Built target std_msgs_generate_messages_nodejs
[  0%] Built target geometry_msgs_generate_messages_nodejs
[  0%] Built target actionlib_msgs_generate_messages_nodejs
[  0%] Built target trajectory_msgs_generate_messages_nodejs
[  0%] Built target geometry_msgs_generate_messages_eus
[  0%] Built target actionlib_msgs_generate_messages_eus
[  0%] Built target std_msgs_generate_messages_eus
[  0%] Built target trajectory_msgs_generate_messages_eus
[  0%] Built target geometry_msgs_generate_messages_cpp
[  0%] Built target trajectory_msgs_generate_messages_cpp
[  0%] Built target actionlib_msgs_generate_messages_cpp
[  0%] Built target std_msgs_generate_messages_cpp
[  0%] Built target std_msgs_generate_messages_lisp
[  0%] Built target geometry_msgs_generate_messages_lisp
[  0%] Built target actionlib_msgs_generate_messages_lisp
[  0%] Built target trajectory_msgs_generate_messages_lisp
[ 21%] Built target onrobot_gripper_msgs_generate_messages_py
[ 40%] Built target onrobot_gripper_msgs_generate_messages_nodejs
[ 61%] Built target onrobot_gripper_msgs_generate_messages_eus
[ 80%] Built target onrobot_gripper_msgs_generate_messages_cpp
[100%] Built target onrobot_gripper_msgs_generate_messages_lisp
[100%] Built target onrobot_gripper_msgs_generate_messages
